#
# There is insufficient memory for the Java Runtime Environment to continue.
# Native memory allocation (malloc) failed to allocate 627296 bytes for Chunk::new
# Possible reasons:
#   The system is out of physical RAM or swap space
#   In 32 bit mode, the process size limit was hit
# Possible solutions:
#   Reduce memory load on the system
#   Increase physical memory or swap space
#   Check if swap backing store is full
#   Use 64 bit Java on a 64 bit OS
#   Decrease Java heap size (-Xmx/-Xms)
#   Decrease number of Java threads
#   Decrease Java thread stack sizes (-Xss)
#   Set larger code cache with -XX:ReservedCodeCacheSize=
# This output file may be truncated or incomplete.
#
#  Out of Memory Error (allocation.cpp:390), pid=7232, tid=14112
#
# JRE version: Java(TM) SE Runtime Environment (8.0_73-b02) (build 1.8.0_73-b02)
# Java VM: Java HotSpot(TM) 64-Bit Server VM (25.73-b02 mixed mode windows-amd64 compressed oops)
# Failed to write core dump. Minidumps are not enabled by default on client versions of Windows
#

---------------  T H R E A D  ---------------

Current thread (0x0000000017257800):  JavaThread "C2 CompilerThread1" daemon [_thread_in_native, id=14112, stack(0x00000000178d0000,0x00000000179d0000)]

Stack: [0x00000000178d0000,0x00000000179d0000]
[error occurred during error reporting (printing stack bounds), id 0xc0000005]

Native frames: (J=compiled Java code, j=interpreted, Vv=VM code, C=native code)


Current CompileTask:
C2:   7896 2334       4       com.android.dx.dex.file.CodeItem::addContents (174 bytes)


---------------  P R O C E S S  ---------------

Java Threads: ( => current thread )
  0x00000000174cb000 JavaThread "pool-1-thread-1" [_thread_in_Java, id=18284, stack(0x000000001aa70000,0x000000001ab70000)]
  0x0000000017302800 JavaThread "Service Thread" daemon [_thread_blocked, id=17436, stack(0x0000000017bd0000,0x0000000017cd0000)]
  0x000000001725f000 JavaThread "C1 CompilerThread3" daemon [_thread_blocked, id=7708, stack(0x0000000017ad0000,0x0000000017bd0000)]
  0x0000000017259800 JavaThread "C2 CompilerThread2" daemon [_thread_blocked, id=3860, stack(0x00000000179d0000,0x0000000017ad0000)]
=>0x0000000017257800 JavaThread "C2 CompilerThread1" daemon [_thread_in_native, id=14112, stack(0x00000000178d0000,0x00000000179d0000)]
  0x0000000017253800 JavaThread "C2 CompilerThread0" daemon [_thread_in_native, id=8424, stack(0x00000000177d0000,0x00000000178d0000)]
  0x0000000017251000 JavaThread "Attach Listener" daemon [_thread_blocked, id=15436, stack(0x00000000176d0000,0x00000000177d0000)]
  0x0000000017207800 JavaThread "Signal Dispatcher" daemon [_thread_blocked, id=9724, stack(0x00000000175d0000,0x00000000176d0000)]
  0x0000000002589000 JavaThread "Finalizer" daemon [_thread_blocked, id=4996, stack(0x0000000016f70000,0x0000000017070000)]
  0x00000000150ad000 JavaThread "Reference Handler" daemon [_thread_blocked, id=19320, stack(0x0000000016e70000,0x0000000016f70000)]
  0x0000000001ffe000 JavaThread "main" [_thread_blocked, id=15980, stack(0x0000000002390000,0x0000000002490000)]

Other Threads:
  0x00000000150a8800 VMThread [stack: 0x0000000016d70000,0x0000000016e70000] [id=5912]
  0x000000001733d800 WatcherThread [stack: 0x0000000017cd0000,0x0000000017dd0000] [id=5320]

VM state:not at safepoint (normal execution)

VM Mutex/Monitor currently owned by a thread: None

Heap:
 PSYoungGen      total 136192K, used 135184K [0x00000000eab00000, 0x00000000f3500000, 0x0000000100000000)
  eden space 131072K, 99% used [0x00000000eab00000,0x00000000f2a0b298,0x00000000f2b00000)
  from space 5120K, 99% used [0x00000000f3000000,0x00000000f34f8e10,0x00000000f3500000)
  to   space 5120K, 0% used [0x00000000f2b00000,0x00000000f2b00000,0x00000000f3000000)
 ParOldGen       total 86016K, used 24002K [0x00000000c0000000, 0x00000000c5400000, 0x00000000eab00000)
  object space 86016K, 27% used [0x00000000c0000000,0x00000000c1770b58,0x00000000c5400000)
 Metaspace       used 6598K, capacity 7256K, committed 7424K, reserved 1056768K
  class space    used 633K, capacity 656K, committed 768K, reserved 1048576K

Card table byte_map: [0x0000000011950000,0x0000000011b60000] byte_map_base: 0x0000000011350000

Marking Bits: (ParMarkBitMap*) 0x000000006df40600
 Begin Bits: [0x00000000124c0000, 0x00000000134c0000)
 End Bits:   [0x00000000134c0000, 0x00000000144c0000)

Polling page: 0x0000000000730000

CodeCache: size=245760Kb used=10627Kb max_used=10639Kb free=235132Kb
 bounds [0x0000000002590000, 0x0000000003000000, 0x0000000011590000]
 total_blobs=2434 nmethods=2162 adapters=184
 compilation: enabled

Compilation events (10 events):
Event: 7.734 Thread 0x0000000017259800 nmethod 2329% 0x0000000002ffac90 code [0x0000000002ffae80, 0x0000000002ffbaa0]
Event: 7.758 Thread 0x0000000017257800 2332       4       com.android.dx.dex.code.StdCatchBuilder::hasAnyCatches (57 bytes)
Event: 7.762 Thread 0x0000000017259800 2333       4       com.android.dx.dex.code.OutputFinisher::getAllConstants (47 bytes)
Event: 7.762 Thread 0x0000000017257800 nmethod 2332 0x0000000002fdc350 code [0x0000000002fdc4c0, 0x0000000002fdc778]
Event: 7.814 Thread 0x0000000017259800 nmethod 2333 0x0000000002ffc910 code [0x0000000002ffcb20, 0x0000000002ffd660]
Event: 7.825 Thread 0x0000000017257800 2334       4       com.android.dx.dex.file.CodeItem::addContents (174 bytes)
Event: 7.865 Thread 0x000000001725f000 2335       3       com.android.dx.dex.code.OutputFinisher::getAllConstants (47 bytes)
Event: 7.866 Thread 0x000000001725f000 nmethod 2335 0x0000000002ff4ed0 code [0x0000000002ff5100, 0x0000000002ff5a48]
Event: 7.867 Thread 0x0000000017259800 2336       4       com.android.dx.rop.type.StdTypeList::getType (6 bytes)
Event: 7.868 Thread 0x0000000017259800 nmethod 2336 0x0000000002fc2390 code [0x0000000002fc24e0, 0x0000000002fc25b8]

GC Heap History (8 events):
Event: 0.847 GC heap before
{Heap before GC invocations=1 (full 0):
 PSYoungGen      total 37888K, used 32768K [0x00000000eab00000, 0x00000000ed500000, 0x0000000100000000)
  eden space 32768K, 100% used [0x00000000eab00000,0x00000000ecb00000,0x00000000ecb00000)
  from space 5120K, 0% used [0x00000000ed000000,0x00000000ed000000,0x00000000ed500000)
  to   space 5120K, 0% used [0x00000000ecb00000,0x00000000ecb00000,0x00000000ed000000)
 ParOldGen       total 86016K, used 0K [0x00000000c0000000, 0x00000000c5400000, 0x00000000eab00000)
  object space 86016K, 0% used [0x00000000c0000000,0x00000000c0000000,0x00000000c5400000)
 Metaspace       used 5968K, capacity 6838K, committed 7040K, reserved 1056768K
  class space    used 606K, capacity 622K, committed 640K, reserved 1048576K
Event: 0.873 GC heap after
Heap after GC invocations=1 (full 0):
 PSYoungGen      total 37888K, used 5116K [0x00000000eab00000, 0x00000000ef500000, 0x0000000100000000)
  eden space 32768K, 0% used [0x00000000eab00000,0x00000000eab00000,0x00000000ecb00000)
  from space 5120K, 99% used [0x00000000ecb00000,0x00000000ecfff068,0x00000000ed000000)
  to   space 5120K, 0% used [0x00000000ef000000,0x00000000ef000000,0x00000000ef500000)
 ParOldGen       total 86016K, used 912K [0x00000000c0000000, 0x00000000c5400000, 0x00000000eab00000)
  object space 86016K, 1% used [0x00000000c0000000,0x00000000c00e43b8,0x00000000c5400000)
 Metaspace       used 5968K, capacity 6838K, committed 7040K, reserved 1056768K
  class space    used 606K, capacity 622K, committed 640K, reserved 1048576K
}
Event: 1.689 GC heap before
{Heap before GC invocations=2 (full 0):
 PSYoungGen      total 37888K, used 37884K [0x00000000eab00000, 0x00000000ef500000, 0x0000000100000000)
  eden space 32768K, 100% used [0x00000000eab00000,0x00000000ecb00000,0x00000000ecb00000)
  from space 5120K, 99% used [0x00000000ecb00000,0x00000000ecfff068,0x00000000ed000000)
  to   space 5120K, 0% used [0x00000000ef000000,0x00000000ef000000,0x00000000ef500000)
 ParOldGen       total 86016K, used 912K [0x00000000c0000000, 0x00000000c5400000, 0x00000000eab00000)
  object space 86016K, 1% used [0x00000000c0000000,0x00000000c00e43b8,0x00000000c5400000)
 Metaspace       used 6179K, capacity 7030K, committed 7296K, reserved 1056768K
  class space    used 607K, capacity 622K, committed 640K, reserved 1048576K
Event: 1.894 GC heap after
Heap after GC invocations=2 (full 0):
 PSYoungGen      total 70656K, used 5095K [0x00000000eab00000, 0x00000000ef500000, 0x0000000100000000)
  eden space 65536K, 0% used [0x00000000eab00000,0x00000000eab00000,0x00000000eeb00000)
  from space 5120K, 99% used [0x00000000ef000000,0x00000000ef4f9e10,0x00000000ef500000)
  to   space 5120K, 0% used [0x00000000eeb00000,0x00000000eeb00000,0x00000000ef000000)
 ParOldGen       total 86016K, used 4822K [0x00000000c0000000, 0x00000000c5400000, 0x00000000eab00000)
  object space 86016K, 5% used [0x00000000c0000000,0x00000000c04b59d0,0x00000000c5400000)
 Metaspace       used 6179K, capacity 7030K, committed 7296K, reserved 1056768K
  class space    used 607K, capacity 622K, committed 640K, reserved 1048576K
}
Event: 3.342 GC heap before
{Heap before GC invocations=3 (full 0):
 PSYoungGen      total 70656K, used 70631K [0x00000000eab00000, 0x00000000ef500000, 0x0000000100000000)
  eden space 65536K, 100% used [0x00000000eab00000,0x00000000eeb00000,0x00000000eeb00000)
  from space 5120K, 99% used [0x00000000ef000000,0x00000000ef4f9e10,0x00000000ef500000)
  to   space 5120K, 0% used [0x00000000eeb00000,0x00000000eeb00000,0x00000000ef000000)
 ParOldGen       total 86016K, used 4822K [0x00000000c0000000, 0x00000000c5400000, 0x00000000eab00000)
  object space 86016K, 5% used [0x00000000c0000000,0x00000000c04b59d0,0x00000000c5400000)
 Metaspace       used 6313K, capacity 7158K, committed 7296K, reserved 1056768K
  class space    used 607K, capacity 622K, committed 640K, reserved 1048576K
Event: 3.776 GC heap after
Heap after GC invocations=3 (full 0):
 PSYoungGen      total 70656K, used 5088K [0x00000000eab00000, 0x00000000f3500000, 0x0000000100000000)
  eden space 65536K, 0% used [0x00000000eab00000,0x00000000eab00000,0x00000000eeb00000)
  from space 5120K, 99% used [0x00000000eeb00000,0x00000000eeff8378,0x00000000ef000000)
  to   space 5120K, 0% used [0x00000000f3000000,0x00000000f3000000,0x00000000f3500000)
 ParOldGen       total 86016K, used 15001K [0x00000000c0000000, 0x00000000c5400000, 0x00000000eab00000)
  object space 86016K, 17% used [0x00000000c0000000,0x00000000c0ea6430,0x00000000c5400000)
 Metaspace       used 6313K, capacity 7158K, committed 7296K, reserved 1056768K
  class space    used 607K, capacity 622K, committed 640K, reserved 1048576K
}
Event: 4.395 GC heap before
{Heap before GC invocations=4 (full 0):
 PSYoungGen      total 70656K, used 70624K [0x00000000eab00000, 0x00000000f3500000, 0x0000000100000000)
  eden space 65536K, 100% used [0x00000000eab00000,0x00000000eeb00000,0x00000000eeb00000)
  from space 5120K, 99% used [0x00000000eeb00000,0x00000000eeff8378,0x00000000ef000000)
  to   space 5120K, 0% used [0x00000000f3000000,0x00000000f3000000,0x00000000f3500000)
 ParOldGen       total 86016K, used 15001K [0x00000000c0000000, 0x00000000c5400000, 0x00000000eab00000)
  object space 86016K, 17% used [0x00000000c0000000,0x00000000c0ea6430,0x00000000c5400000)
 Metaspace       used 6445K, capacity 7192K, committed 7424K, reserved 1056768K
  class space    used 627K, capacity 656K, committed 768K, reserved 1048576K
Event: 4.744 GC heap after
Heap after GC invocations=4 (full 0):
 PSYoungGen      total 136192K, used 5091K [0x00000000eab00000, 0x00000000f3500000, 0x0000000100000000)
  eden space 131072K, 0% used [0x00000000eab00000,0x00000000eab00000,0x00000000f2b00000)
  from space 5120K, 99% used [0x00000000f3000000,0x00000000f34f8e10,0x00000000f3500000)
  to   space 5120K, 0% used [0x00000000f2b00000,0x00000000f2b00000,0x00000000f3000000)
 ParOldGen       total 86016K, used 24002K [0x00000000c0000000, 0x00000000c5400000, 0x00000000eab00000)
  object space 86016K, 27% used [0x00000000c0000000,0x00000000c1770b58,0x00000000c5400000)
 Metaspace       used 6445K, capacity 7192K, committed 7424K, reserved 1056768K
  class space    used 627K, capacity 656K, committed 768K, reserved 1048576K
}

Deoptimization events (10 events):
Event: 6.770 Thread 0x00000000174d4800 Uncommon trap: reason=unstable_if action=reinterpret pc=0x0000000002d4f878 method=com.android.dx.ssa.SCCP.simulateBranch(Lcom/android/dx/ssa/SsaInsn;)V @ 548
Event: 6.795 Thread 0x00000000174fd000 Uncommon trap: reason=class_check action=maybe_recompile pc=0x0000000002ddb1ec method=com.android.dx.ssa.back.FirstFitLocalCombiningAllocator.findNextUnreservedRopReg(IILcom/android/dx/ssa/back/FirstFitLocalCombiningAllocator$Alignment;)I @ 60
Event: 6.795 Thread 0x00000000174fd000 Uncommon trap: reason=class_check action=maybe_recompile pc=0x0000000002ddb1ec method=com.android.dx.ssa.back.FirstFitLocalCombiningAllocator.findNextUnreservedRopReg(IILcom/android/dx/ssa/back/FirstFitLocalCombiningAllocator$Alignment;)I @ 60
Event: 6.829 Thread 0x0000000001ffe000 Uncommon trap: reason=unstable_if action=reinterpret pc=0x0000000002f238c0 method=java.util.HashMap.putVal(ILjava/lang/Object;Ljava/lang/Object;ZZ)Ljava/lang/Object; @ 94
Event: 7.236 Thread 0x00000000174cb000 Uncommon trap: reason=class_check action=maybe_recompile pc=0x00000000029fc088 method=java.util.Arrays.hashCode([Ljava/lang/Object;)I @ 43
Event: 7.236 Thread 0x00000000174cb000 Uncommon trap: reason=class_check action=maybe_recompile pc=0x00000000029fc088 method=java.util.Arrays.hashCode([Ljava/lang/Object;)I @ 43
Event: 7.236 Thread 0x00000000174cb000 Uncommon trap: reason=class_check action=maybe_recompile pc=0x00000000029fc088 method=java.util.Arrays.hashCode([Ljava/lang/Object;)I @ 43
Event: 7.236 Thread 0x00000000174cb000 Uncommon trap: reason=class_check action=maybe_recompile pc=0x00000000029fc088 method=java.util.Arrays.hashCode([Ljava/lang/Object;)I @ 43
Event: 7.236 Thread 0x00000000174cb000 Uncommon trap: reason=class_check action=maybe_recompile pc=0x00000000029ea968 method=java.util.Arrays.hashCode([Ljava/lang/Object;)I @ 43
Event: 7.825 Thread 0x00000000174cb000 Uncommon trap: reason=unstable_if action=reinterpret pc=0x0000000002ffd4d0 method=java.util.HashMap.putVal(ILjava/lang/Object;Ljava/lang/Object;ZZ)Ljava/lang/Object; @ 109

Internal exceptions (5 events):
Event: 0.040 Thread 0x0000000001ffe000 Exception <a 'java/lang/NoSuchMethodError': Method sun.misc.Unsafe.defineClass(Ljava/lang/String;[BII)Ljava/lang/Class; name or signature does not match> (0x00000000eab13108) thrown at [D:\re\puppet\workspace\8-2-build-windows-amd64-cygwin\jdk8u73\6086\hotg]=Â¡¤?
Event: 0.040 Thread 0x0000000001ffe000 Exception <a 'java/lang/NoSuchMethodError': Method sun.misc.Unsafe.prefetchRead(Ljava/lang/Object;J)V name or signature does not match> (0x00000000eab133f0) thrown at [D:\re\puppet\workspace\8-2-build-windows-amd64-cygwin\jdk8u73\6086\hotspot\src\share\vm\ËîYñô¹@
Event: 4.182 Thread 0x0000000017570000 Exception <a 'java/lang/ArrayIndexOutOfBoundsException': 18> (0x00000000ed2bc078) thrown at [D:\re\puppet\workspace\8-2-build-windows-amd64-cygwin\jdk8u73\6086\hotspot\src\share\vm\interpreter\interpreterRuntime.cpp, line 366]
Event: 4.182 Thread 0x0000000017570000 Exception <a 'java/lang/ArrayIndexOutOfBoundsException': 145> (0x00000000ed2bdbf8) thrown at [D:\re\puppet\workspace\8-2-build-windows-amd64-cygwin\jdk8u73\6086\hotspot\src\share\vm\interpreter\interpreterRuntime.cpp, line 366]
Event: 4.183 Thread 0x0000000017570000 Exception <a 'java/lang/ArrayIndexOutOfBoundsException'> (0x00000000ed2beee0) thrown at [D:\re\puppet\workspace\8-2-build-windows-amd64-cygwin\jdk8u73\6086\hotspot\src\share\vm\runtime\sharedRuntime.cpp, line 605]

Events (10 events):
Event: 7.281 loading class com/android/dx/dex/file/CatchStructs done
Event: 7.763 Thread 0x00000000174cb000 DEOPT PACKING pc=0x0000000002fd06a1 sp=0x000000001ab6f060
Event: 7.763 Thread 0x00000000174cb000 DEOPT UNPACKING pc=0x00000000025d787f sp=0x000000001ab6edf0 mode 0
Event: 7.825 Thread 0x00000000174cb000 Uncommon trap: trap_request=0xffffff65 fr.pc=0x0000000002ffd4d0
Event: 7.825 Thread 0x00000000174cb000 DEOPT PACKING pc=0x0000000002ffd4d0 sp=0x000000001ab6f090
Event: 7.825 Thread 0x00000000174cb000 DEOPT UNPACKING pc=0x00000000025d582a sp=0x000000001ab6ee80 mode 2
Event: 7.866 Thread 0x00000000174cb000 DEOPT PACKING pc=0x0000000002ff5929 sp=0x000000001ab6f060
Event: 7.866 Thread 0x00000000174cb000 DEOPT UNPACKING pc=0x00000000025d787f sp=0x000000001ab6edf0 mode 0
Event: 7.871 Thread 0x00000000174cb000 DEOPT PACKING pc=0x0000000002ff5929 sp=0x000000001ab6f060
Event: 7.871 Thread 0x00000000174cb000 DEOPT UNPACKING pc=0x00000000025d787f sp=0x000000001ab6edf0 mode 0


Dynamic libraries:
0x00007ff606890000 - 0x00007ff6068c7000 	C:\Program Files\Java\jdk1.8.0_73\bin\java.exe
0x00007ffaa1da0000 - 0x00007ffaa1f61000 	C:\WINDOWS\SYSTEM32\ntdll.dll
0x00007ffaa0ad0000 - 0x00007ffaa0b7d000 	C:\WINDOWS\system32\KERNEL32.DLL
0x00007ffa9e660000 - 0x00007ffa9e848000 	C:\WINDOWS\system32\KERNELBASE.dll
0x00007ffaa1610000 - 0x00007ffaa16b7000 	C:\WINDOWS\system32\ADVAPI32.dll
0x00007ffaa10f0000 - 0x00007ffaa118d000 	C:\WINDOWS\system32\msvcrt.dll
0x00007ffaa0be0000 - 0x00007ffaa0c3b000 	C:\WINDOWS\system32\sechost.dll
0x00007ffaa1870000 - 0x00007ffaa198c000 	C:\WINDOWS\system32\RPCRT4.dll
0x00007ffaa11b0000 - 0x00007ffaa1306000 	C:\WINDOWS\system32\USER32.dll
0x00007ffaa0f60000 - 0x00007ffaa10e6000 	C:\WINDOWS\system32\GDI32.dll
0x00007ffa99290000 - 0x00007ffa99504000 	C:\WINDOWS\WinSxS\amd64_microsoft.windows.common-controls_6595b64144ccf1df_6.0.10586.0_none_8c15ae12515e1c22\COMCTL32.dll
0x00007ffaa1310000 - 0x00007ffaa158d000 	C:\WINDOWS\system32\combase.dll
0x00007ffa9e200000 - 0x00007ffa9e26a000 	C:\WINDOWS\system32\bcryptPrimitives.dll
0x00007ffaa0c40000 - 0x00007ffaa0c7b000 	C:\WINDOWS\system32\IMM32.DLL
0x000000006d130000 - 0x000000006d202000 	C:\Program Files\Java\jdk1.8.0_73\jre\bin\msvcr100.dll
0x000000006d730000 - 0x000000006dfc0000 	C:\Program Files\Java\jdk1.8.0_73\jre\bin\server\jvm.dll
0x00007ffa9efb0000 - 0x00007ffa9efd3000 	C:\WINDOWS\system32\WINMM.dll
0x00007ffa9e1d0000 - 0x00007ffa9e1fc000 	C:\WINDOWS\system32\WINMMBASE.dll
0x00007ffa9eef0000 - 0x00007ffa9ef33000 	C:\WINDOWS\system32\cfgmgr32.dll
0x00007ffaa1590000 - 0x00007ffaa1598000 	C:\WINDOWS\system32\PSAPI.DLL
0x00007ffa97ad0000 - 0x00007ffa97ad9000 	C:\WINDOWS\SYSTEM32\WSOCK32.dll
0x00007ffaa0d30000 - 0x00007ffaa0d9b000 	C:\WINDOWS\system32\WS2_32.dll
0x00007ffa9a220000 - 0x00007ffa9a22a000 	C:\WINDOWS\SYSTEM32\VERSION.dll
0x000000006d640000 - 0x000000006d64f000 	C:\Program Files\Java\jdk1.8.0_73\jre\bin\verify.dll
0x000000006d610000 - 0x000000006d639000 	C:\Program Files\Java\jdk1.8.0_73\jre\bin\java.dll
0x000000006d5f0000 - 0x000000006d606000 	C:\Program Files\Java\jdk1.8.0_73\jre\bin\zip.dll
0x00007ffa9eff0000 - 0x00007ffaa054c000 	C:\WINDOWS\system32\SHELL32.dll
0x00007ffa9e850000 - 0x00007ffa9ee94000 	C:\WINDOWS\system32\windows.storage.dll
0x00007ffaa0da0000 - 0x00007ffaa0df2000 	C:\WINDOWS\system32\shlwapi.dll
0x00007ffa9e1c0000 - 0x00007ffa9e1cf000 	C:\WINDOWS\system32\kernel.appcore.dll
0x00007ffa9e320000 - 0x00007ffa9e3d5000 	C:\WINDOWS\system32\shcore.dll
0x00007ffa9eea0000 - 0x00007ffa9eeeb000 	C:\WINDOWS\system32\powrprof.dll
0x00007ffa9e1a0000 - 0x00007ffa9e1b4000 	C:\WINDOWS\system32\profapi.dll

VM Arguments:
jvm_args: -Djava.awt.headless=true -Xmx1024M -Dfile.encoding=GBK -Duser.country=CN -Duser.language=zh -Duser.variant 
java_command: com.android.dx.command.Main --dex --force-jumbo --num-threads=4 --multi-dex --output C:\Users\Administrator\AndroidStudioProjects\MyAppStore\app\build\intermediates\transforms\dex\debug\folders\1000\10\com.android.support-appcompat-v7-23.4.0_b72cc7b1b3972afe31e8d714f92d898c1626418b C:\Users\Administrator\AndroidStudioProjects\MyAppStore\app\build\intermediates\exploded-aar\com.android.support\appcompat-v7\23.4.0\jars\classes.jar
java_class_path (initial): F:\Android_Studio_SDK\build-tools\23.0.3\lib\dx.jar
Launcher Type: SUN_STANDARD

Environment Variables:
JAVA_HOME=C:\Program Files\Java\jdk1.8.0_73\
CLASSPATH=.;C:\Program Files\Java\jdk1.8.0_73\\lib\dt.jar;C:\Program Files\Java\jdk1.8.0_73\\lib\tools.jar;
PATH=C:\ProgramData\Oracle\Java\javapath;C:\WINDOWS\system32;C:\WINDOWS;C:\WINDOWS\System32\Wbem;C:\WINDOWS\System32\WindowsPowerShell\v1.0\;C:\Program Files\Java\jdk1.8.0_66\bin;C:\Program Files\Java\jdk1.8.0_66\jre\bin;C:\Python27;C:\Program Files (x86)\Microsoft SQL Server\90\Tools\binn\;C:\Users\Administrator\.dnx\bin;C:\Program Files\Microsoft DNX\Dnvm\;C:\Program Files\TortoiseSVN\bin;C:\Program Files (x86)\NVIDIA Corporation\PhysX\Common;E:\Android_Studio_SDK\platform-tools;E:\Android_Studio_SDK\tools\templates\gradle\wrapper\;C:\ProgramData\Oracle\Java\javapath;C:\WINDOWS\system32;C:\WINDOWS;C:\WINDOWS\System32\Wbem;C:\WINDOWS\System32\WindowsPowerShell\v1.0\;C:\Program Files\Java\jdk1.8.0_66\bin;C:\Program Files\Java\jdk1.8.0_66\jre\bin;C:\Program Files\TortoiseSVN\bin;C:\Python27;C:\Program Files (x86)\Microsoft SQL Server\90\Tools\binn\;C:\Users\Administrator\.dnx\bin;C:\Program Files\Microsoft DNX\Dnvm\;D:\GNUstep\GNUstep\System\Tools;D:\GNUstep\bin
USERNAME=Administrator
OS=Windows_NT
PROCESSOR_IDENTIFIER=Intel64 Family 6 Model 60 Stepping 3, GenuineIntel



---------------  S Y S T E M  ---------------

OS: Windows 10.0 , 64 bit Build 10586 (10.0.10586.0)

CPU:total 8 (4 cores per cpu, 2 threads per core) family 6 model 60 stepping 3, cmov, cx8, fxsr, mmx, sse, sse2, sse3, ssse3, sse4.1, sse4.2, popcnt, avx, avx2, aes, clmul, erms, lzcnt, ht, tsc, tscinvbit, bmi1, bmi2

Memory: 4k page, physical 8208440k(932952k free), swap 11878456k(5448k free)

vm_info: Java HotSpot(TM) 64-Bit Server VM (25.73-b02) for windows-amd64 JRE (1.8.0_73-b02), built on Jan 29 2016 17:38:49 by "java_re" with MS VC++ 10.0 (VS2010)

time: Tue Jun 14 11:57:48 2016
elapsed time: 7 seconds (0d 0h 0m 7s)

