#
# There is insufficient memory for the Java Runtime Environment to continue.
# Native memory allocation (malloc) failed to allocate 739056 bytes for Chunk::new
# Possible reasons:
#   The system is out of physical RAM or swap space
#   In 32 bit mode, the process size limit was hit
# Possible solutions:
#   Reduce memory load on the system
#   Increase physical memory or swap space
#   Check if swap backing store is full
#   Use 64 bit Java on a 64 bit OS
#   Decrease Java heap size (-Xmx/-Xms)
#   Decrease number of Java threads
#   Decrease Java thread stack sizes (-Xss)
#   Set larger code cache with -XX:ReservedCodeCacheSize=
# This output file may be truncated or incomplete.
#
#  Out of Memory Error (allocation.cpp:390), pid=6272, tid=15120
#
# JRE version: Java(TM) SE Runtime Environment (8.0_73-b02) (build 1.8.0_73-b02)
# Java VM: Java HotSpot(TM) 64-Bit Server VM (25.73-b02 mixed mode windows-amd64 compressed oops)
# Failed to write core dump. Minidumps are not enabled by default on client versions of Windows
#

---------------  T H R E A D  ---------------

Current thread (0x00000000172a5000):  JavaThread "C2 CompilerThread0" daemon [_thread_in_native, id=15120, stack(0x0000000017820000,0x0000000017920000)]

Stack: [0x0000000017820000,0x0000000017920000]
[error occurred during error reporting (printing stack bounds), id 0xc0000005]

Native frames: (J=compiled Java code, j=interpreted, Vv=VM code, C=native code)


Current CompileTask:
C2:   8052 2083   !   4       com.android.dx.cf.code.BytecodeArray::parseInstruction (2764 bytes)


---------------  P R O C E S S  ---------------

Java Threads: ( => current thread )
  0x0000000017e32800 JavaThread "pool-2-thread-4" [_thread_blocked, id=4616, stack(0x0000000018a20000,0x0000000018b20000)]
  0x0000000017e31800 JavaThread "pool-2-thread-3" [_thread_blocked, id=5752, stack(0x0000000018920000,0x0000000018a20000)]
  0x000000001761c000 JavaThread "pool-2-thread-2" [_thread_blocked, id=11488, stack(0x0000000018820000,0x0000000018920000)]
  0x000000001761b000 JavaThread "pool-3-thread-1" [_thread_blocked, id=6332, stack(0x0000000018720000,0x0000000018820000)]
  0x0000000017618000 JavaThread "pool-2-thread-1" [_thread_blocked, id=8368, stack(0x0000000018620000,0x0000000018720000)]
  0x0000000017352000 JavaThread "Service Thread" daemon [_thread_blocked, id=6904, stack(0x0000000017c20000,0x0000000017d20000)]
  0x00000000172b5800 JavaThread "C1 CompilerThread3" daemon [_thread_blocked, id=12448, stack(0x0000000017b20000,0x0000000017c20000)]
  0x00000000172b2000 JavaThread "C2 CompilerThread2" daemon [_thread_blocked, id=18304, stack(0x0000000017a20000,0x0000000017b20000)]
  0x00000000172ac000 JavaThread "C2 CompilerThread1" daemon [_thread_in_native, id=16984, stack(0x0000000017920000,0x0000000017a20000)]
=>0x00000000172a5000 JavaThread "C2 CompilerThread0" daemon [_thread_in_native, id=15120, stack(0x0000000017820000,0x0000000017920000)]
  0x00000000172a2000 JavaThread "Attach Listener" daemon [_thread_blocked, id=1356, stack(0x0000000017720000,0x0000000017820000)]
  0x0000000017258800 JavaThread "Signal Dispatcher" daemon [_thread_blocked, id=5556, stack(0x0000000017620000,0x0000000017720000)]
  0x0000000002729000 JavaThread "Finalizer" daemon [_thread_blocked, id=9596, stack(0x0000000017120000,0x0000000017220000)]
  0x000000001524d000 JavaThread "Reference Handler" daemon [_thread_blocked, id=18516, stack(0x0000000017020000,0x0000000017120000)]
  0x000000000262e000 JavaThread "main" [_thread_blocked, id=6040, stack(0x00000000024c0000,0x00000000025c0000)]

Other Threads:
  0x0000000015248800 VMThread [stack: 0x0000000016f20000,0x0000000017020000] [id=1872]
  0x00000000173b0800 WatcherThread [stack: 0x0000000017d20000,0x0000000017e20000] [id=11492]

VM state:at safepoint (normal execution)

VM Mutex/Monitor currently owned by a thread:  ([mutex/lock_event])
[0x000000000262d940] Threads_lock - owner thread: 0x0000000015248800
[0x000000000262cdc0] Heap_lock - owner thread: 0x000000001761c000

Heap:
 PSYoungGen      total 70656K, used 70649K [0x00000000eab00000, 0x00000000ef500000, 0x0000000100000000)
  eden space 65536K, 100% used [0x00000000eab00000,0x00000000eeb00000,0x00000000eeb00000)
  from space 5120K, 99% used [0x00000000eeb00000,0x00000000eeffe5c0,0x00000000ef000000)
  to   space 5120K, 52% used [0x00000000ef000000,0x00000000ef29d518,0x00000000ef500000)
 ParOldGen       total 86016K, used 13536K [0x00000000c0000000, 0x00000000c5400000, 0x00000000eab00000)
  object space 86016K, 15% used [0x00000000c0000000,0x00000000c0d38238,0x00000000c5400000)
 Metaspace       used 6374K, capacity 7158K, committed 7296K, reserved 1056768K
  class space    used 608K, capacity 622K, committed 640K, reserved 1048576K

Card table byte_map: [0x0000000011af0000,0x0000000011d00000] byte_map_base: 0x00000000114f0000

Marking Bits: (ParMarkBitMap*) 0x000000006df40600
 Begin Bits: [0x0000000012660000, 0x0000000013660000)
 End Bits:   [0x0000000013660000, 0x0000000014660000)

Polling page: 0x0000000000470000

CodeCache: size=245760Kb used=9861Kb max_used=9861Kb free=235898Kb
 bounds [0x0000000002730000, 0x00000000030e0000, 0x0000000011730000]
 total_blobs=2324 nmethods=2052 adapters=184
 compilation: enabled

Compilation events (10 events):
Event: 8.044 Thread 0x00000000172b5800 nmethod 2143 0x00000000030d6710 code [0x00000000030d6880, 0x00000000030d6aa8]
Event: 8.044 Thread 0x00000000172b5800 2144   !   3       java.util.concurrent.LinkedBlockingQueue::offer (130 bytes)
Event: 8.045 Thread 0x00000000172b2000 nmethod 2124 0x00000000030d6b50 code [0x00000000030d6e20, 0x00000000030d75b0]
Event: 8.045 Thread 0x00000000172b2000 2139       4       com.android.dx.util.FixedSizeList::shrinkToFit (103 bytes)
Event: 8.046 Thread 0x00000000172b5800 nmethod 2144 0x00000000030d8250 code [0x00000000030d8500, 0x00000000030d9ae8]
Event: 8.046 Thread 0x00000000172b5800 2145       3       java.util.concurrent.LinkedBlockingQueue::enqueue (14 bytes)
Event: 8.046 Thread 0x00000000172b5800 nmethod 2145 0x00000000030ad590 code [0x00000000030ad6e0, 0x00000000030ad870]
Event: 8.046 Thread 0x00000000172b5800 2147       3       com.android.dx.dex.cf.AttributeTranslator::translateEnclosingMethod (50 bytes)
Event: 8.047 Thread 0x00000000172b5800 nmethod 2147 0x00000000030c5e50 code [0x00000000030c60a0, 0x00000000030c6f28]
Event: 8.048 Thread 0x00000000172b5800 2152   !   3       java.util.concurrent.ArrayBlockingQueue::offer (55 bytes)

GC Heap History (7 events):
Event: 1.770 GC heap before
{Heap before GC invocations=1 (full 0):
 PSYoungGen      total 37888K, used 32768K [0x00000000eab00000, 0x00000000ed500000, 0x0000000100000000)
  eden space 32768K, 100% used [0x00000000eab00000,0x00000000ecb00000,0x00000000ecb00000)
  from space 5120K, 0% used [0x00000000ed000000,0x00000000ed000000,0x00000000ed500000)
  to   space 5120K, 0% used [0x00000000ecb00000,0x00000000ecb00000,0x00000000ed000000)
 ParOldGen       total 86016K, used 0K [0x00000000c0000000, 0x00000000c5400000, 0x00000000eab00000)
  object space 86016K, 0% used [0x00000000c0000000,0x00000000c0000000,0x00000000c5400000)
 Metaspace       used 5957K, capacity 6836K, committed 7040K, reserved 1056768K
  class space    used 604K, capacity 620K, committed 640K, reserved 1048576K
Event: 1.817 GC heap after
Heap after GC invocations=1 (full 0):
 PSYoungGen      total 37888K, used 5119K [0x00000000eab00000, 0x00000000ef500000, 0x0000000100000000)
  eden space 32768K, 0% used [0x00000000eab00000,0x00000000eab00000,0x00000000ecb00000)
  from space 5120K, 99% used [0x00000000ecb00000,0x00000000ecfffcb8,0x00000000ed000000)
  to   space 5120K, 0% used [0x00000000ef000000,0x00000000ef000000,0x00000000ef500000)
 ParOldGen       total 86016K, used 101K [0x00000000c0000000, 0x00000000c5400000, 0x00000000eab00000)
  object space 86016K, 0% used [0x00000000c0000000,0x00000000c00194e0,0x00000000c5400000)
 Metaspace       used 5957K, capacity 6836K, committed 7040K, reserved 1056768K
  class space    used 604K, capacity 620K, committed 640K, reserved 1048576K
}
Event: 2.827 GC heap before
{Heap before GC invocations=2 (full 0):
 PSYoungGen      total 37888K, used 37887K [0x00000000eab00000, 0x00000000ef500000, 0x0000000100000000)
  eden space 32768K, 100% used [0x00000000eab00000,0x00000000ecb00000,0x00000000ecb00000)
  from space 5120K, 99% used [0x00000000ecb00000,0x00000000ecfffcb8,0x00000000ed000000)
  to   space 5120K, 0% used [0x00000000ef000000,0x00000000ef000000,0x00000000ef500000)
 ParOldGen       total 86016K, used 101K [0x00000000c0000000, 0x00000000c5400000, 0x00000000eab00000)
  object space 86016K, 0% used [0x00000000c0000000,0x00000000c00194e0,0x00000000c5400000)
 Metaspace       used 6169K, capacity 7030K, committed 7296K, reserved 1056768K
  class space    used 606K, capacity 622K, committed 640K, reserved 1048576K
Event: 3.177 GC heap after
Heap after GC invocations=2 (full 0):
 PSYoungGen      total 70656K, used 5090K [0x00000000eab00000, 0x00000000ef500000, 0x0000000100000000)
  eden space 65536K, 0% used [0x00000000eab00000,0x00000000eab00000,0x00000000eeb00000)
  from space 5120K, 99% used [0x00000000ef000000,0x00000000ef4f8bf0,0x00000000ef500000)
  to   space 5120K, 0% used [0x00000000eeb00000,0x00000000eeb00000,0x00000000ef000000)
 ParOldGen       total 86016K, used 4142K [0x00000000c0000000, 0x00000000c5400000, 0x00000000eab00000)
  object space 86016K, 4% used [0x00000000c0000000,0x00000000c040baa8,0x00000000c5400000)
 Metaspace       used 6169K, capacity 7030K, committed 7296K, reserved 1056768K
  class space    used 606K, capacity 622K, committed 640K, reserved 1048576K
}
Event: 4.055 GC heap before
{Heap before GC invocations=3 (full 0):
 PSYoungGen      total 70656K, used 70626K [0x00000000eab00000, 0x00000000ef500000, 0x0000000100000000)
  eden space 65536K, 100% used [0x00000000eab00000,0x00000000eeb00000,0x00000000eeb00000)
  from space 5120K, 99% used [0x00000000ef000000,0x00000000ef4f8bf0,0x00000000ef500000)
  to   space 5120K, 0% used [0x00000000eeb00000,0x00000000eeb00000,0x00000000ef000000)
 ParOldGen       total 86016K, used 4142K [0x00000000c0000000, 0x00000000c5400000, 0x00000000eab00000)
  object space 86016K, 4% used [0x00000000c0000000,0x00000000c040baa8,0x00000000c5400000)
 Metaspace       used 6267K, capacity 7094K, committed 7296K, reserved 1056768K
  class space    used 607K, capacity 622K, committed 640K, reserved 1048576K
Event: 4.240 GC heap after
Heap after GC invocations=3 (full 0):
 PSYoungGen      total 70656K, used 5113K [0x00000000eab00000, 0x00000000ef500000, 0x0000000100000000)
  eden space 65536K, 0% used [0x00000000eab00000,0x00000000eab00000,0x00000000eeb00000)
  from space 5120K, 99% used [0x00000000eeb00000,0x00000000eeffe5c0,0x00000000ef000000)
  to   space 5120K, 0% used [0x00000000ef000000,0x00000000ef000000,0x00000000ef500000)
 ParOldGen       total 86016K, used 13536K [0x00000000c0000000, 0x00000000c5400000, 0x00000000eab00000)
  object space 86016K, 15% used [0x00000000c0000000,0x00000000c0d38238,0x00000000c5400000)
 Metaspace       used 6267K, capacity 7094K, committed 7296K, reserved 1056768K
  class space    used 607K, capacity 622K, committed 640K, reserved 1048576K
}
Event: 8.048 GC heap before
{Heap before GC invocations=4 (full 0):
 PSYoungGen      total 70656K, used 70649K [0x00000000eab00000, 0x00000000ef500000, 0x0000000100000000)
  eden space 65536K, 100% used [0x00000000eab00000,0x00000000eeb00000,0x00000000eeb00000)
  from space 5120K, 99% used [0x00000000eeb00000,0x00000000eeffe5c0,0x00000000ef000000)
  to   space 5120K, 0% used [0x00000000ef000000,0x00000000ef000000,0x00000000ef500000)
 ParOldGen       total 86016K, used 13536K [0x00000000c0000000, 0x00000000c5400000, 0x00000000eab00000)
  object space 86016K, 15% used [0x00000000c0000000,0x00000000c0d38238,0x00000000c5400000)
 Metaspace       used 6374K, capacity 7158K, committed 7296K, reserved 1056768K
  class space    used 608K, capacity 622K, committed 640K, reserved 1048576K

Deoptimization events (10 events):
Event: 7.678 Thread 0x000000000262e000 Uncommon trap: reason=unloaded action=reinterpret pc=0x0000000002f02a08 method=com.android.dx.cf.cst.ConstantPoolParser.parse0(ILjava/util/BitSet;)Lcom/android/dx/rop/cst/Constant; @ 220
Event: 7.680 Thread 0x0000000017e32800 Uncommon trap: reason=unstable_if action=reinterpret pc=0x0000000002e46cd0 method=com.android.dx.ssa.SCCP.simulateStmt(Lcom/android/dx/ssa/SsaInsn;)V @ 53
Event: 7.690 Thread 0x0000000017e32800 Uncommon trap: reason=unstable_if action=reinterpret pc=0x0000000002eb20c8 method=com.android.dx.ssa.SCCP.simulateBranch(Lcom/android/dx/ssa/SsaInsn;)V @ 548
Event: 7.694 Thread 0x0000000017e32800 Uncommon trap: reason=unstable_if action=reinterpret pc=0x0000000002f77bec method=com.android.dx.ssa.SCCP.replaceBranches()V @ 14
Event: 7.695 Thread 0x0000000017e32800 Uncommon trap: reason=class_check action=maybe_recompile pc=0x0000000003024d40 method=com.android.dx.cf.code.BytecodeArray.parseInstruction(ILcom/android/dx/cf/code/BytecodeArray$Visitor;)I @ 1807
Event: 7.695 Thread 0x0000000017e32800 Uncommon trap: reason=class_check action=maybe_recompile pc=0x0000000003024d40 method=com.android.dx.cf.code.BytecodeArray.parseInstruction(ILcom/android/dx/cf/code/BytecodeArray$Visitor;)I @ 1807
Event: 7.695 Thread 0x0000000017e32800 Uncommon trap: reason=class_check action=maybe_recompile pc=0x0000000003024d40 method=com.android.dx.cf.code.BytecodeArray.parseInstruction(ILcom/android/dx/cf/code/BytecodeArray$Visitor;)I @ 1807
Event: 7.695 Thread 0x0000000017e32800 Uncommon trap: reason=class_check action=maybe_recompile pc=0x0000000003024864 method=com.android.dx.cf.code.BytecodeArray.parseInstruction(ILcom/android/dx/cf/code/BytecodeArray$Visitor;)I @ 1417
Event: 7.695 Thread 0x0000000017e32800 Uncommon trap: reason=class_check action=maybe_recompile pc=0x0000000003024864 method=com.android.dx.cf.code.BytecodeArray.parseInstruction(ILcom/android/dx/cf/code/BytecodeArray$Visitor;)I @ 1417
Event: 7.696 Thread 0x0000000017e32800 Uncommon trap: reason=class_check action=maybe_recompile pc=0x0000000002b88f84 method=java.util.HashMap.putVal(ILjava/lang/Object;Ljava/lang/Object;ZZ)Ljava/lang/Object; @ 203

Internal exceptions (4 events):
Event: 0.063 Thread 0x000000000262e000 Exception <a 'java/lang/NoSuchMethodError': Method sun.misc.Unsafe.defineClass(Ljava/lang/String;[BII)Ljava/lang/Class; name or signature does not match> (0x00000000eab12f68) thrown at [D:\re\puppet\workspace\8-2-build-windows-amd64-cygwin\jdk8u73\6086\hotÐ*oW°?
Event: 0.063 Thread 0x000000000262e000 Exception <a 'java/lang/NoSuchMethodError': Method sun.misc.Unsafe.prefetchRead(Ljava/lang/Object;J)V name or signature does not match> (0x00000000eab13250) thrown at [D:\re\puppet\workspace\8-2-build-windows-amd64-cygwin\jdk8u73\6086\hotspot\src\share\vm\v-œ‘ä?@
Event: 3.656 Thread 0x0000000017618000 Implicit null exception at 0x0000000002dba6f4 to 0x0000000002dbd505
Event: 5.639 Thread 0x0000000017e32800 Implicit null exception at 0x0000000002ee5934 to 0x0000000002eea331

Events (10 events):
Event: 7.695 Thread 0x0000000017e32800 Uncommon trap: trap_request=0xffffffde fr.pc=0x0000000003024864
Event: 7.695 Thread 0x0000000017e32800 DEOPT PACKING pc=0x0000000003024864 sp=0x0000000018b1e740
Event: 7.695 Thread 0x0000000017e32800 DEOPT UNPACKING pc=0x000000000277582a sp=0x0000000018b1e6e8 mode 2
Event: 7.695 Thread 0x0000000017e32800 Uncommon trap: trap_request=0xffffffde fr.pc=0x0000000003024864
Event: 7.695 Thread 0x0000000017e32800 DEOPT PACKING pc=0x0000000003024864 sp=0x0000000018b1e740
Event: 7.695 Thread 0x0000000017e32800 DEOPT UNPACKING pc=0x000000000277582a sp=0x0000000018b1e6e8 mode 2
Event: 7.696 Thread 0x0000000017e32800 Uncommon trap: trap_request=0xffffffde fr.pc=0x0000000002b88f84
Event: 7.696 Thread 0x0000000017e32800 DEOPT PACKING pc=0x0000000002b88f84 sp=0x0000000018b1e4a0
Event: 7.696 Thread 0x0000000017e32800 DEOPT UNPACKING pc=0x000000000277582a sp=0x0000000018b1e428 mode 2
Event: 8.048 Executing VM operation: ParallelGCFailedAllocation


Dynamic libraries:
0x00007ff606890000 - 0x00007ff6068c7000 	C:\Program Files\Java\jdk1.8.0_73\bin\java.exe
0x00007ffaa1da0000 - 0x00007ffaa1f61000 	C:\WINDOWS\SYSTEM32\ntdll.dll
0x00007ffaa0ad0000 - 0x00007ffaa0b7d000 	C:\WINDOWS\system32\KERNEL32.DLL
0x00007ffa9e660000 - 0x00007ffa9e848000 	C:\WINDOWS\system32\KERNELBASE.dll
0x00007ffaa1610000 - 0x00007ffaa16b7000 	C:\WINDOWS\system32\ADVAPI32.dll
0x00007ffaa10f0000 - 0x00007ffaa118d000 	C:\WINDOWS\system32\msvcrt.dll
0x00007ffaa0be0000 - 0x00007ffaa0c3b000 	C:\WINDOWS\system32\sechost.dll
0x00007ffaa1870000 - 0x00007ffaa198c000 	C:\WINDOWS\system32\RPCRT4.dll
0x00007ffaa11b0000 - 0x00007ffaa1306000 	C:\WINDOWS\system32\USER32.dll
0x00007ffaa0f60000 - 0x00007ffaa10e6000 	C:\WINDOWS\system32\GDI32.dll
0x00007ffa99290000 - 0x00007ffa99504000 	C:\WINDOWS\WinSxS\amd64_microsoft.windows.common-controls_6595b64144ccf1df_6.0.10586.0_none_8c15ae12515e1c22\COMCTL32.dll
0x00007ffaa1310000 - 0x00007ffaa158d000 	C:\WINDOWS\system32\combase.dll
0x00007ffa9e200000 - 0x00007ffa9e26a000 	C:\WINDOWS\system32\bcryptPrimitives.dll
0x00007ffaa0c40000 - 0x00007ffaa0c7b000 	C:\WINDOWS\system32\IMM32.DLL
0x000000006d130000 - 0x000000006d202000 	C:\Program Files\Java\jdk1.8.0_73\jre\bin\msvcr100.dll
0x000000006d730000 - 0x000000006dfc0000 	C:\Program Files\Java\jdk1.8.0_73\jre\bin\server\jvm.dll
0x00007ffa9efb0000 - 0x00007ffa9efd3000 	C:\WINDOWS\system32\WINMM.dll
0x00007ffa9e1d0000 - 0x00007ffa9e1fc000 	C:\WINDOWS\system32\WINMMBASE.dll
0x00007ffa9eef0000 - 0x00007ffa9ef33000 	C:\WINDOWS\system32\cfgmgr32.dll
0x00007ffaa1590000 - 0x00007ffaa1598000 	C:\WINDOWS\system32\PSAPI.DLL
0x00007ffa97ad0000 - 0x00007ffa97ad9000 	C:\WINDOWS\SYSTEM32\WSOCK32.dll
0x00007ffaa0d30000 - 0x00007ffaa0d9b000 	C:\WINDOWS\system32\WS2_32.dll
0x00007ffa9a220000 - 0x00007ffa9a22a000 	C:\WINDOWS\SYSTEM32\VERSION.dll
0x000000006d640000 - 0x000000006d64f000 	C:\Program Files\Java\jdk1.8.0_73\jre\bin\verify.dll
0x000000006d610000 - 0x000000006d639000 	C:\Program Files\Java\jdk1.8.0_73\jre\bin\java.dll
0x000000006d5f0000 - 0x000000006d606000 	C:\Program Files\Java\jdk1.8.0_73\jre\bin\zip.dll
0x00007ffa9eff0000 - 0x00007ffaa054c000 	C:\WINDOWS\system32\SHELL32.dll
0x00007ffa9e850000 - 0x00007ffa9ee94000 	C:\WINDOWS\system32\windows.storage.dll
0x00007ffaa0da0000 - 0x00007ffaa0df2000 	C:\WINDOWS\system32\shlwapi.dll
0x00007ffa9e1c0000 - 0x00007ffa9e1cf000 	C:\WINDOWS\system32\kernel.appcore.dll
0x00007ffa9e320000 - 0x00007ffa9e3d5000 	C:\WINDOWS\system32\shcore.dll
0x00007ffa9eea0000 - 0x00007ffa9eeeb000 	C:\WINDOWS\system32\powrprof.dll
0x00007ffa9e1a0000 - 0x00007ffa9e1b4000 	C:\WINDOWS\system32\profapi.dll

VM Arguments:
jvm_args: -Djava.awt.headless=true -Xmx1024M -Dfile.encoding=GBK -Duser.country=CN -Duser.language=zh -Duser.variant 
java_command: com.android.dx.command.Main --dex --force-jumbo --num-threads=4 --multi-dex --output C:\Users\Administrator\AndroidStudioProjects\MyAppStore\app\build\intermediates\transforms\dex\debug\folders\1000\10\com.android.support-support-v4-23.4.0_602d82606acffccd8a66da70468c7f879e6a34e0 C:\Users\Administrator\AndroidStudioProjects\MyAppStore\app\build\intermediates\exploded-aar\com.android.support\support-v4\23.4.0\jars\classes.jar
java_class_path (initial): F:\Android_Studio_SDK\build-tools\23.0.3\lib\dx.jar
Launcher Type: SUN_STANDARD

Environment Variables:
JAVA_HOME=C:\Program Files\Java\jdk1.8.0_73\
CLASSPATH=.;C:\Program Files\Java\jdk1.8.0_73\\lib\dt.jar;C:\Program Files\Java\jdk1.8.0_73\\lib\tools.jar;
PATH=C:\ProgramData\Oracle\Java\javapath;C:\WINDOWS\system32;C:\WINDOWS;C:\WINDOWS\System32\Wbem;C:\WINDOWS\System32\WindowsPowerShell\v1.0\;C:\Program Files\Java\jdk1.8.0_66\bin;C:\Program Files\Java\jdk1.8.0_66\jre\bin;C:\Python27;C:\Program Files (x86)\Microsoft SQL Server\90\Tools\binn\;C:\Users\Administrator\.dnx\bin;C:\Program Files\Microsoft DNX\Dnvm\;C:\Program Files\TortoiseSVN\bin;C:\Program Files (x86)\NVIDIA Corporation\PhysX\Common;E:\Android_Studio_SDK\platform-tools;E:\Android_Studio_SDK\tools\templates\gradle\wrapper\;C:\ProgramData\Oracle\Java\javapath;C:\WINDOWS\system32;C:\WINDOWS;C:\WINDOWS\System32\Wbem;C:\WINDOWS\System32\WindowsPowerShell\v1.0\;C:\Program Files\Java\jdk1.8.0_66\bin;C:\Program Files\Java\jdk1.8.0_66\jre\bin;C:\Program Files\TortoiseSVN\bin;C:\Python27;C:\Program Files (x86)\Microsoft SQL Server\90\Tools\binn\;C:\Users\Administrator\.dnx\bin;C:\Program Files\Microsoft DNX\Dnvm\;D:\GNUstep\GNUstep\System\Tools;D:\GNUstep\bin
USERNAME=Administrator
OS=Windows_NT
PROCESSOR_IDENTIFIER=Intel64 Family 6 Model 60 Stepping 3, GenuineIntel



---------------  S Y S T E M  ---------------

OS: Windows 10.0 , 64 bit Build 10586 (10.0.10586.0)

CPU:total 8 (4 cores per cpu, 2 threads per core) family 6 model 60 stepping 3, cmov, cx8, fxsr, mmx, sse, sse2, sse3, ssse3, sse4.1, sse4.2, popcnt, avx, avx2, aes, clmul, erms, lzcnt, ht, tsc, tscinvbit, bmi1, bmi2

Memory: 4k page, physical 8208440k(924596k free), swap 11878456k(6088k free)

vm_info: Java HotSpot(TM) 64-Bit Server VM (25.73-b02) for windows-amd64 JRE (1.8.0_73-b02), built on Jan 29 2016 17:38:49 by "java_re" with MS VC++ 10.0 (VS2010)

time: Tue Jun 14 11:57:48 2016
elapsed time: 8 seconds (0d 0h 0m 8s)

