#
# There is insufficient memory for the Java Runtime Environment to continue.
# Native memory allocation (malloc) failed to allocate 337744 bytes for Chunk::new
# Possible reasons:
#   The system is out of physical RAM or swap space
#   In 32 bit mode, the process size limit was hit
# Possible solutions:
#   Reduce memory load on the system
#   Increase physical memory or swap space
#   Check if swap backing store is full
#   Use 64 bit Java on a 64 bit OS
#   Decrease Java heap size (-Xmx/-Xms)
#   Decrease number of Java threads
#   Decrease Java thread stack sizes (-Xss)
#   Set larger code cache with -XX:ReservedCodeCacheSize=
# This output file may be truncated or incomplete.
#
#  Out of Memory Error (allocation.cpp:390), pid=18240, tid=8412
#
# JRE version: Java(TM) SE Runtime Environment (8.0_73-b02) (build 1.8.0_73-b02)
# Java VM: Java HotSpot(TM) 64-Bit Server VM (25.73-b02 mixed mode windows-amd64 compressed oops)
# Failed to write core dump. Minidumps are not enabled by default on client versions of Windows
#

---------------  T H R E A D  ---------------

Current thread (0x000000001718a800):  JavaThread "C2 CompilerThread2" daemon [_thread_in_native, id=8412, stack(0x0000000017900000,0x0000000017a00000)]

Stack: [0x0000000017900000,0x0000000017a00000]
[error occurred during error reporting (printing stack bounds), id 0xc0000005]

Native frames: (J=compiled Java code, j=interpreted, Vv=VM code, C=native code)


Current CompileTask:
C2:   5997 2049       4       com.android.dx.dex.code.RopTranslator::pickOrder (400 bytes)


---------------  P R O C E S S  ---------------

Java Threads: ( => current thread )
  0x0000000017f3a000 JavaThread "pool-2-thread-4" [_thread_in_Java, id=9044, stack(0x0000000018900000,0x0000000018a00000)]
  0x000000001741c000 JavaThread "pool-2-thread-3" [_thread_in_Java, id=9396, stack(0x0000000018800000,0x0000000018900000)]
  0x000000001744f800 JavaThread "pool-2-thread-2" [_thread_in_Java, id=14404, stack(0x0000000018700000,0x0000000018800000)]
  0x0000000017492000 JavaThread "pool-3-thread-1" [_thread_blocked, id=2664, stack(0x0000000018600000,0x0000000018700000)]
  0x0000000017484800 JavaThread "pool-2-thread-1" [_thread_in_Java, id=15904, stack(0x0000000018500000,0x0000000018600000)]
  0x0000000017208000 JavaThread "Service Thread" daemon [_thread_blocked, id=6844, stack(0x0000000017b00000,0x0000000017c00000)]
  0x0000000017191000 JavaThread "C1 CompilerThread3" daemon [_thread_in_vm, id=5204, stack(0x0000000017a00000,0x0000000017b00000)]
=>0x000000001718a800 JavaThread "C2 CompilerThread2" daemon [_thread_in_native, id=8412, stack(0x0000000017900000,0x0000000017a00000)]
  0x0000000017187800 JavaThread "C2 CompilerThread1" daemon [_thread_in_native, id=16944, stack(0x0000000017800000,0x0000000017900000)]
  0x0000000017183800 JavaThread "C2 CompilerThread0" daemon [_thread_in_native, id=19392, stack(0x0000000017700000,0x0000000017800000)]
  0x0000000017138000 JavaThread "Attach Listener" daemon [_thread_blocked, id=13224, stack(0x0000000017600000,0x0000000017700000)]
  0x0000000017137800 JavaThread "Signal Dispatcher" daemon [_thread_blocked, id=14028, stack(0x0000000017500000,0x0000000017600000)]
  0x00000000025a3800 JavaThread "Finalizer" daemon [_thread_blocked, id=17656, stack(0x0000000016fa0000,0x00000000170a0000)]
  0x00000000150cd000 JavaThread "Reference Handler" daemon [_thread_blocked, id=17024, stack(0x0000000016ea0000,0x0000000016fa0000)]
  0x0000000001fee000 JavaThread "main" [_thread_in_Java, id=14764, stack(0x00000000023b0000,0x00000000024b0000)]

Other Threads:
  0x00000000150c8800 VMThread [stack: 0x0000000016da0000,0x0000000016ea0000] [id=4760]
  0x0000000017242800 WatcherThread [stack: 0x0000000017c00000,0x0000000017d00000] [id=4768]

VM state:not at safepoint (normal execution)

VM Mutex/Monitor currently owned by a thread: None

Heap:
 PSYoungGen      total 70656K, used 34108K [0x00000000eab00000, 0x00000000f3500000, 0x0000000100000000)
  eden space 65536K, 44% used [0x00000000eab00000,0x00000000ec751040,0x00000000eeb00000)
  from space 5120K, 99% used [0x00000000eeb00000,0x00000000eeffe060,0x00000000ef000000)
  to   space 5120K, 0% used [0x00000000f3000000,0x00000000f3000000,0x00000000f3500000)
 ParOldGen       total 86016K, used 15558K [0x00000000c0000000, 0x00000000c5400000, 0x00000000eab00000)
  object space 86016K, 18% used [0x00000000c0000000,0x00000000c0f31ab0,0x00000000c5400000)
 Metaspace       used 6393K, capacity 7156K, committed 7296K, reserved 1056768K
  class space    used 604K, capacity 620K, committed 640K, reserved 1048576K

Card table byte_map: [0x0000000011970000,0x0000000011b80000] byte_map_base: 0x0000000011370000

Marking Bits: (ParMarkBitMap*) 0x000000006df40600
 Begin Bits: [0x00000000124e0000, 0x00000000134e0000)
 End Bits:   [0x00000000134e0000, 0x00000000144e0000)

Polling page: 0x0000000000830000

CodeCache: size=245760Kb used=9262Kb max_used=9262Kb free=236497Kb
 bounds [0x00000000025b0000, 0x0000000002ed0000, 0x00000000115b0000]
 total_blobs=2311 nmethods=2039 adapters=184
 compilation: enabled

Compilation events (10 events):
Event: 5.993 Thread 0x0000000017191000 2077       3       com.android.dx.cf.direct.DirectClassFile::<init> (15 bytes)
Event: 5.993 Thread 0x0000000017191000 nmethod 2077 0x0000000002ec1190 code [0x0000000002ec1320, 0x0000000002ec15b8]
Event: 5.993 Thread 0x0000000017191000 2078       3       com.android.dx.cf.direct.DirectClassFile::<init> (53 bytes)
Event: 5.993 Thread 0x0000000017191000 nmethod 2078 0x0000000002ec1750 code [0x0000000002ec18e0, 0x0000000002ec1cb8]
Event: 5.993 Thread 0x0000000017191000 2079       3       com.android.dx.cf.direct.DirectClassFile::setAttributeFactory (20 bytes)
Event: 5.993 Thread 0x0000000017191000 nmethod 2079 0x0000000002ec1e50 code [0x0000000002ec1fc0, 0x0000000002ec2228]
Event: 5.993 Thread 0x0000000017191000 2080       3       com.android.dx.cf.direct.DirectClassFile::getMagic (9 bytes)
Event: 5.994 Thread 0x0000000017191000 nmethod 2080 0x0000000002ec2310 code [0x0000000002ec24a0, 0x0000000002ec27f8]
Event: 5.994 Thread 0x0000000017191000 2081       3       java.util.concurrent.ArrayBlockingQueue::enqueue (53 bytes)
Event: 5.994 Thread 0x0000000017191000 nmethod 2081 0x0000000002ec2950 code [0x0000000002ec2b00, 0x0000000002ec30c8]

GC Heap History (6 events):
Event: 0.799 GC heap before
{Heap before GC invocations=1 (full 0):
 PSYoungGen      total 37888K, used 32768K [0x00000000eab00000, 0x00000000ed500000, 0x0000000100000000)
  eden space 32768K, 100% used [0x00000000eab00000,0x00000000ecb00000,0x00000000ecb00000)
  from space 5120K, 0% used [0x00000000ed000000,0x00000000ed000000,0x00000000ed500000)
  to   space 5120K, 0% used [0x00000000ecb00000,0x00000000ecb00000,0x00000000ed000000)
 ParOldGen       total 86016K, used 0K [0x00000000c0000000, 0x00000000c5400000, 0x00000000eab00000)
  object space 86016K, 0% used [0x00000000c0000000,0x00000000c0000000,0x00000000c5400000)
 Metaspace       used 5904K, capacity 6836K, committed 7040K, reserved 1056768K
  class space    used 600K, capacity 620K, committed 640K, reserved 1048576K
Event: 0.883 GC heap after
Heap after GC invocations=1 (full 0):
 PSYoungGen      total 37888K, used 5112K [0x00000000eab00000, 0x00000000ef500000, 0x0000000100000000)
  eden space 32768K, 0% used [0x00000000eab00000,0x00000000eab00000,0x00000000ecb00000)
  from space 5120K, 99% used [0x00000000ecb00000,0x00000000ecffe090,0x00000000ed000000)
  to   space 5120K, 0% used [0x00000000ef000000,0x00000000ef000000,0x00000000ef500000)
 ParOldGen       total 86016K, used 983K [0x00000000c0000000, 0x00000000c5400000, 0x00000000eab00000)
  object space 86016K, 1% used [0x00000000c0000000,0x00000000c00f5e28,0x00000000c5400000)
 Metaspace       used 5904K, capacity 6836K, committed 7040K, reserved 1056768K
  class space    used 600K, capacity 620K, committed 640K, reserved 1048576K
}
Event: 1.674 GC heap before
{Heap before GC invocations=2 (full 0):
 PSYoungGen      total 37888K, used 37880K [0x00000000eab00000, 0x00000000ef500000, 0x0000000100000000)
  eden space 32768K, 100% used [0x00000000eab00000,0x00000000ecb00000,0x00000000ecb00000)
  from space 5120K, 99% used [0x00000000ecb00000,0x00000000ecffe090,0x00000000ed000000)
  to   space 5120K, 0% used [0x00000000ef000000,0x00000000ef000000,0x00000000ef500000)
 ParOldGen       total 86016K, used 983K [0x00000000c0000000, 0x00000000c5400000, 0x00000000eab00000)
  object space 86016K, 1% used [0x00000000c0000000,0x00000000c00f5e28,0x00000000c5400000)
 Metaspace       used 6221K, capacity 7028K, committed 7296K, reserved 1056768K
  class space    used 601K, capacity 620K, committed 640K, reserved 1048576K
Event: 1.685 GC heap after
Heap after GC invocations=2 (full 0):
 PSYoungGen      total 70656K, used 5092K [0x00000000eab00000, 0x00000000ef500000, 0x0000000100000000)
  eden space 65536K, 0% used [0x00000000eab00000,0x00000000eab00000,0x00000000eeb00000)
  from space 5120K, 99% used [0x00000000ef000000,0x00000000ef4f9170,0x00000000ef500000)
  to   space 5120K, 0% used [0x00000000eeb00000,0x00000000eeb00000,0x00000000ef000000)
 ParOldGen       total 86016K, used 5469K [0x00000000c0000000, 0x00000000c5400000, 0x00000000eab00000)
  object space 86016K, 6% used [0x00000000c0000000,0x00000000c05576d8,0x00000000c5400000)
 Metaspace       used 6221K, capacity 7028K, committed 7296K, reserved 1056768K
  class space    used 601K, capacity 620K, committed 640K, reserved 1048576K
}
Event: 5.310 GC heap before
{Heap before GC invocations=3 (full 0):
 PSYoungGen      total 70656K, used 70628K [0x00000000eab00000, 0x00000000ef500000, 0x0000000100000000)
  eden space 65536K, 100% used [0x00000000eab00000,0x00000000eeb00000,0x00000000eeb00000)
  from space 5120K, 99% used [0x00000000ef000000,0x00000000ef4f9170,0x00000000ef500000)
  to   space 5120K, 0% used [0x00000000eeb00000,0x00000000eeb00000,0x00000000ef000000)
 ParOldGen       total 86016K, used 5469K [0x00000000c0000000, 0x00000000c5400000, 0x00000000eab00000)
  object space 86016K, 6% used [0x00000000c0000000,0x00000000c05576d8,0x00000000c5400000)
 Metaspace       used 6377K, capacity 7156K, committed 7296K, reserved 1056768K
  class space    used 604K, capacity 620K, committed 640K, reserved 1048576K
Event: 5.508 GC heap after
Heap after GC invocations=3 (full 0):
 PSYoungGen      total 70656K, used 5112K [0x00000000eab00000, 0x00000000f3500000, 0x0000000100000000)
  eden space 65536K, 0% used [0x00000000eab00000,0x00000000eab00000,0x00000000eeb00000)
  from space 5120K, 99% used [0x00000000eeb00000,0x00000000eeffe060,0x00000000ef000000)
  to   space 5120K, 0% used [0x00000000f3000000,0x00000000f3000000,0x00000000f3500000)
 ParOldGen       total 86016K, used 15558K [0x00000000c0000000, 0x00000000c5400000, 0x00000000eab00000)
  object space 86016K, 18% used [0x00000000c0000000,0x00000000c0f31ab0,0x00000000c5400000)
 Metaspace       used 6377K, capacity 7156K, committed 7296K, reserved 1056768K
  class space    used 604K, capacity 620K, committed 640K, reserved 1048576K
}

Deoptimization events (10 events):
Event: 2.943 Thread 0x0000000017f3a000 Uncommon trap: reason=class_check action=maybe_recompile pc=0x0000000002cf503c method=java.util.HashMap.putVal(ILjava/lang/Object;Ljava/lang/Object;ZZ)Ljava/lang/Object; @ 203
Event: 2.943 Thread 0x0000000017f3a000 Uncommon trap: reason=bimorphic action=maybe_recompile pc=0x00000000027f4628 method=java.util.HashMap.getNode(ILjava/lang/Object;)Ljava/util/HashMap$Node; @ 126
Event: 3.434 Thread 0x000000001744f800 Uncommon trap: reason=bimorphic action=maybe_recompile pc=0x0000000002cfd6b8 method=com.android.dx.ssa.SCCP.setLatticeValueTo(IILcom/android/dx/rop/cst/Constant;)Z @ 43
Event: 3.445 Thread 0x000000001744f800 Uncommon trap: reason=bimorphic action=maybe_recompile pc=0x0000000002cfd6b8 method=com.android.dx.ssa.SCCP.setLatticeValueTo(IILcom/android/dx/rop/cst/Constant;)Z @ 43
Event: 4.227 Thread 0x0000000017484800 Uncommon trap: reason=null_assert action=make_not_entrant pc=0x0000000002cb7190 method=com.android.dx.cf.code.RopperMachine.run(Lcom/android/dx/cf/code/Frame;II)V @ 1112
Event: 4.374 Thread 0x000000001741c000 Uncommon trap: reason=bimorphic action=maybe_recompile pc=0x0000000002b86c80 method=com.android.dx.cf.code.BytecodeArray.parseInstruction(ILcom/android/dx/cf/code/BytecodeArray$Visitor;)I @ 2281
Event: 4.374 Thread 0x000000001741c000 Uncommon trap: reason=bimorphic action=maybe_recompile pc=0x0000000002b86c80 method=com.android.dx.cf.code.BytecodeArray.parseInstruction(ILcom/android/dx/cf/code/BytecodeArray$Visitor;)I @ 2281
Event: 5.306 Thread 0x000000001741c000 Uncommon trap: reason=class_check action=maybe_recompile pc=0x0000000002ba16c0 method=com.android.dx.rop.code.RegisterSpec.withSimpleType()Lcom/android/dx/rop/code/RegisterSpec; @ 21
Event: 5.307 Thread 0x000000001741c000 Uncommon trap: reason=unstable_if action=reinterpret pc=0x000000000289b604 method=com.android.dx.rop.code.RegisterSpec.equals(ILcom/android/dx/rop/type/TypeBearer;Lcom/android/dx/rop/code/LocalItem;)Z @ 42
Event: 5.989 Thread 0x000000001741c000 Uncommon trap: reason=bimorphic action=maybe_recompile pc=0x00000000028b55e0 method=java.util.HashMap.getNode(ILjava/lang/Object;)Ljava/util/HashMap$Node; @ 126

Internal exceptions (5 events):
Event: 0.076 Thread 0x0000000001fee000 Exception <a 'java/lang/NoSuchMethodError': Method sun.misc.Unsafe.defineClass(Ljava/lang/String;[BII)Ljava/lang/Class; name or signature does not match> (0x00000000eab13108) thrown at [D:\re\puppet\workspace\8-2-build-windows-amd64-cygwin\jdk8u73\6086\hot(qÓiC’³?
Event: 0.076 Thread 0x0000000001fee000 Exception <a 'java/lang/NoSuchMethodError': Method sun.misc.Unsafe.prefetchRead(Ljava/lang/Object;J)V name or signature does not match> (0x00000000eab133f0) thrown at [D:\re\puppet\workspace\8-2-build-windows-amd64-cygwin\jdk8u73\6086\hotspot\src\share\vm\øªó[;ò?
Event: 1.139 Thread 0x0000000001fee000 Implicit null exception at 0x0000000002955203 to 0x0000000002955eed
Event: 1.140 Thread 0x0000000001fee000 Implicit null exception at 0x00000000029656e6 to 0x00000000029661c1
Event: 1.203 Thread 0x0000000017484800 Implicit null exception at 0x00000000028f00e2 to 0x00000000028f01da

Events (10 events):
Event: 5.307 Thread 0x000000001741c000 DEOPT UNPACKING pc=0x00000000025f582a sp=0x00000000188fe578 mode 2
Event: 5.307 Executing VM operation: ParallelGCFailedAllocation
Event: 5.508 Executing VM operation: ParallelGCFailedAllocation done
Event: 5.696 Thread 0x000000001741c000 DEOPT PACKING pc=0x0000000002c3e877 sp=0x00000000188fe600
Event: 5.696 Thread 0x000000001741c000 DEOPT UNPACKING pc=0x00000000025f787f sp=0x00000000188fe410 mode 0
Event: 5.974 Thread 0x0000000017484800 DEOPT PACKING pc=0x0000000002a41089 sp=0x00000000185fe750
Event: 5.974 Thread 0x0000000017484800 DEOPT UNPACKING pc=0x00000000025f787f sp=0x00000000185fe4e0 mode 0
Event: 5.989 Thread 0x000000001741c000 Uncommon trap: trap_request=0xffffffc6 fr.pc=0x00000000028b55e0
Event: 5.989 Thread 0x000000001741c000 DEOPT PACKING pc=0x00000000028b55e0 sp=0x00000000188fe450
Event: 5.989 Thread 0x000000001741c000 DEOPT UNPACKING pc=0x00000000025f582a sp=0x00000000188fe3d0 mode 2


Dynamic libraries:
0x00007ff606890000 - 0x00007ff6068c7000 	C:\Program Files\Java\jdk1.8.0_73\bin\java.exe
0x00007ffaa1da0000 - 0x00007ffaa1f61000 	C:\WINDOWS\SYSTEM32\ntdll.dll
0x00007ffaa0ad0000 - 0x00007ffaa0b7d000 	C:\WINDOWS\system32\KERNEL32.DLL
0x00007ffa9e660000 - 0x00007ffa9e848000 	C:\WINDOWS\system32\KERNELBASE.dll
0x00007ffaa1610000 - 0x00007ffaa16b7000 	C:\WINDOWS\system32\ADVAPI32.dll
0x00007ffaa10f0000 - 0x00007ffaa118d000 	C:\WINDOWS\system32\msvcrt.dll
0x00007ffaa0be0000 - 0x00007ffaa0c3b000 	C:\WINDOWS\system32\sechost.dll
0x00007ffaa1870000 - 0x00007ffaa198c000 	C:\WINDOWS\system32\RPCRT4.dll
0x00007ffaa11b0000 - 0x00007ffaa1306000 	C:\WINDOWS\system32\USER32.dll
0x00007ffaa0f60000 - 0x00007ffaa10e6000 	C:\WINDOWS\system32\GDI32.dll
0x00007ffa99290000 - 0x00007ffa99504000 	C:\WINDOWS\WinSxS\amd64_microsoft.windows.common-controls_6595b64144ccf1df_6.0.10586.0_none_8c15ae12515e1c22\COMCTL32.dll
0x00007ffaa1310000 - 0x00007ffaa158d000 	C:\WINDOWS\system32\combase.dll
0x00007ffa9e200000 - 0x00007ffa9e26a000 	C:\WINDOWS\system32\bcryptPrimitives.dll
0x00007ffaa0c40000 - 0x00007ffaa0c7b000 	C:\WINDOWS\system32\IMM32.DLL
0x000000006d130000 - 0x000000006d202000 	C:\Program Files\Java\jdk1.8.0_73\jre\bin\msvcr100.dll
0x000000006d730000 - 0x000000006dfc0000 	C:\Program Files\Java\jdk1.8.0_73\jre\bin\server\jvm.dll
0x00007ffa9efb0000 - 0x00007ffa9efd3000 	C:\WINDOWS\system32\WINMM.dll
0x00007ffa9e1d0000 - 0x00007ffa9e1fc000 	C:\WINDOWS\system32\WINMMBASE.dll
0x00007ffa9eef0000 - 0x00007ffa9ef33000 	C:\WINDOWS\system32\cfgmgr32.dll
0x00007ffaa1590000 - 0x00007ffaa1598000 	C:\WINDOWS\system32\PSAPI.DLL
0x00007ffa97ad0000 - 0x00007ffa97ad9000 	C:\WINDOWS\SYSTEM32\WSOCK32.dll
0x00007ffaa0d30000 - 0x00007ffaa0d9b000 	C:\WINDOWS\system32\WS2_32.dll
0x00007ffa9a220000 - 0x00007ffa9a22a000 	C:\WINDOWS\SYSTEM32\VERSION.dll
0x000000006d640000 - 0x000000006d64f000 	C:\Program Files\Java\jdk1.8.0_73\jre\bin\verify.dll
0x000000006d610000 - 0x000000006d639000 	C:\Program Files\Java\jdk1.8.0_73\jre\bin\java.dll
0x000000006d5f0000 - 0x000000006d606000 	C:\Program Files\Java\jdk1.8.0_73\jre\bin\zip.dll
0x00007ffa9eff0000 - 0x00007ffaa054c000 	C:\WINDOWS\system32\SHELL32.dll
0x00007ffa9e850000 - 0x00007ffa9ee94000 	C:\WINDOWS\system32\windows.storage.dll
0x00007ffaa0da0000 - 0x00007ffaa0df2000 	C:\WINDOWS\system32\shlwapi.dll
0x00007ffa9e1c0000 - 0x00007ffa9e1cf000 	C:\WINDOWS\system32\kernel.appcore.dll
0x00007ffa9e320000 - 0x00007ffa9e3d5000 	C:\WINDOWS\system32\shcore.dll
0x00007ffa9eea0000 - 0x00007ffa9eeeb000 	C:\WINDOWS\system32\powrprof.dll
0x00007ffa9e1a0000 - 0x00007ffa9e1b4000 	C:\WINDOWS\system32\profapi.dll

VM Arguments:
jvm_args: -Djava.awt.headless=true -Xmx1024M -Dfile.encoding=GBK -Duser.country=CN -Duser.language=zh -Duser.variant 
java_command: com.android.dx.command.Main --dex --force-jumbo --num-threads=4 --multi-dex --output C:\Users\Administrator\AndroidStudioProjects\MyAppStore\app\build\intermediates\transforms\dex\debug\folders\1000\10\rxjava-1.1.0_8ad53718875d263efc9f5dad95fc3130e7736adc C:\Users\Administrator\.gradle\caches\modules-2\files-2.1\io.reactivex\rxjava\1.1.0\748f0546d5c3c27f1aef07270ffea0c45f0c42a4\rxjava-1.1.0.jar
java_class_path (initial): F:\Android_Studio_SDK\build-tools\23.0.3\lib\dx.jar
Launcher Type: SUN_STANDARD

Environment Variables:
JAVA_HOME=C:\Program Files\Java\jdk1.8.0_73\
CLASSPATH=.;C:\Program Files\Java\jdk1.8.0_73\\lib\dt.jar;C:\Program Files\Java\jdk1.8.0_73\\lib\tools.jar;
PATH=C:\ProgramData\Oracle\Java\javapath;C:\WINDOWS\system32;C:\WINDOWS;C:\WINDOWS\System32\Wbem;C:\WINDOWS\System32\WindowsPowerShell\v1.0\;C:\Program Files\Java\jdk1.8.0_66\bin;C:\Program Files\Java\jdk1.8.0_66\jre\bin;C:\Python27;C:\Program Files (x86)\Microsoft SQL Server\90\Tools\binn\;C:\Users\Administrator\.dnx\bin;C:\Program Files\Microsoft DNX\Dnvm\;C:\Program Files\TortoiseSVN\bin;C:\Program Files (x86)\NVIDIA Corporation\PhysX\Common;E:\Android_Studio_SDK\platform-tools;E:\Android_Studio_SDK\tools\templates\gradle\wrapper\;C:\ProgramData\Oracle\Java\javapath;C:\WINDOWS\system32;C:\WINDOWS;C:\WINDOWS\System32\Wbem;C:\WINDOWS\System32\WindowsPowerShell\v1.0\;C:\Program Files\Java\jdk1.8.0_66\bin;C:\Program Files\Java\jdk1.8.0_66\jre\bin;C:\Program Files\TortoiseSVN\bin;C:\Python27;C:\Program Files (x86)\Microsoft SQL Server\90\Tools\binn\;C:\Users\Administrator\.dnx\bin;C:\Program Files\Microsoft DNX\Dnvm\;D:\GNUstep\GNUstep\System\Tools;D:\GNUstep\bin
USERNAME=Administrator
OS=Windows_NT
PROCESSOR_IDENTIFIER=Intel64 Family 6 Model 60 Stepping 3, GenuineIntel



---------------  S Y S T E M  ---------------

OS: Windows 10.0 , 64 bit Build 10586 (10.0.10586.0)

CPU:total 8 (4 cores per cpu, 2 threads per core) family 6 model 60 stepping 3, cmov, cx8, fxsr, mmx, sse, sse2, sse3, ssse3, sse4.1, sse4.2, popcnt, avx, avx2, aes, clmul, erms, lzcnt, ht, tsc, tscinvbit, bmi1, bmi2

Memory: 4k page, physical 8208440k(1062136k free), swap 11878456k(5280k free)

vm_info: Java HotSpot(TM) 64-Bit Server VM (25.73-b02) for windows-amd64 JRE (1.8.0_73-b02), built on Jan 29 2016 17:38:49 by "java_re" with MS VC++ 10.0 (VS2010)

time: Tue Jun 14 11:58:24 2016
elapsed time: 6 seconds (0d 0h 0m 6s)

