#
# There is insufficient memory for the Java Runtime Environment to continue.
# Native memory allocation (malloc) failed to allocate 1488256 bytes for Chunk::new
# Possible reasons:
#   The system is out of physical RAM or swap space
#   In 32 bit mode, the process size limit was hit
# Possible solutions:
#   Reduce memory load on the system
#   Increase physical memory or swap space
#   Check if swap backing store is full
#   Use 64 bit Java on a 64 bit OS
#   Decrease Java heap size (-Xmx/-Xms)
#   Decrease number of Java threads
#   Decrease Java thread stack sizes (-Xss)
#   Set larger code cache with -XX:ReservedCodeCacheSize=
# This output file may be truncated or incomplete.
#
#  Out of Memory Error (allocation.cpp:390), pid=12368, tid=9836
#
# JRE version: Java(TM) SE Runtime Environment (8.0_73-b02) (build 1.8.0_73-b02)
# Java VM: Java HotSpot(TM) 64-Bit Server VM (25.73-b02 mixed mode windows-amd64 compressed oops)
# Failed to write core dump. Minidumps are not enabled by default on client versions of Windows
#

---------------  T H R E A D  ---------------

Current thread (0x0000000017163800):  JavaThread "C2 CompilerThread0" daemon [_thread_in_native, id=9836, stack(0x00000000176e0000,0x00000000177e0000)]

Stack: [0x00000000176e0000,0x00000000177e0000]
[error occurred during error reporting (printing stack bounds), id 0xc0000005]

Native frames: (J=compiled Java code, j=interpreted, Vv=VM code, C=native code)


Current CompileTask:
C2:   6093 2051   !   4       com.android.dx.cf.code.BytecodeArray::parseInstruction (2764 bytes)


---------------  P R O C E S S  ---------------

Java Threads: ( => current thread )
  0x000000001747e800 JavaThread "pool-2-thread-4" [_thread_blocked, id=8744, stack(0x00000000188e0000,0x00000000189e0000)]
  0x000000001747d800 JavaThread "pool-2-thread-3" [_thread_blocked, id=12456, stack(0x00000000187e0000,0x00000000188e0000)]
  0x0000000017433000 JavaThread "pool-2-thread-2" [_thread_blocked, id=13592, stack(0x00000000186e0000,0x00000000187e0000)]
  0x000000001742c000 JavaThread "pool-3-thread-1" [_thread_blocked, id=996, stack(0x00000000185e0000,0x00000000186e0000)]
  0x0000000017cef000 JavaThread "pool-2-thread-1" [_thread_blocked, id=17784, stack(0x00000000184e0000,0x00000000185e0000)]
  0x00000000171dc000 JavaThread "Service Thread" daemon [_thread_blocked, id=18792, stack(0x0000000017ae0000,0x0000000017be0000)]
  0x0000000017172000 JavaThread "C1 CompilerThread3" daemon [_thread_blocked, id=10360, stack(0x00000000179e0000,0x0000000017ae0000)]
  0x000000001716b800 JavaThread "C2 CompilerThread2" daemon [_thread_in_native, id=17636, stack(0x00000000178e0000,0x00000000179e0000)]
  0x0000000017167800 JavaThread "C2 CompilerThread1" daemon [_thread_in_native, id=5068, stack(0x00000000177e0000,0x00000000178e0000)]
=>0x0000000017163800 JavaThread "C2 CompilerThread0" daemon [_thread_in_native, id=9836, stack(0x00000000176e0000,0x00000000177e0000)]
  0x0000000017118000 JavaThread "Attach Listener" daemon [_thread_blocked, id=6176, stack(0x00000000175e0000,0x00000000176e0000)]
  0x0000000017117800 JavaThread "Signal Dispatcher" daemon [_thread_blocked, id=12556, stack(0x00000000174e0000,0x00000000175e0000)]
  0x0000000002593800 JavaThread "Finalizer" daemon [_thread_blocked, id=11592, stack(0x0000000016f80000,0x0000000017080000)]
  0x00000000150bd000 JavaThread "Reference Handler" daemon [_thread_blocked, id=11100, stack(0x0000000016e80000,0x0000000016f80000)]
  0x0000000001f4e000 JavaThread "main" [_thread_blocked, id=3180, stack(0x00000000023a0000,0x00000000024a0000)]

Other Threads:
  0x00000000150b8800 VMThread [stack: 0x0000000016d80000,0x0000000016e80000] [id=19440]
  0x0000000017274800 WatcherThread [stack: 0x0000000017be0000,0x0000000017ce0000] [id=10944]

VM state:not at safepoint (normal execution)

VM Mutex/Monitor currently owned by a thread: None

Heap:
 PSYoungGen      total 70656K, used 11572K [0x00000000eab00000, 0x00000000f4a00000, 0x0000000100000000)
  eden space 65536K, 9% used [0x00000000eab00000,0x00000000eb152d90,0x00000000eeb00000)
  from space 5120K, 99% used [0x00000000eeb00000,0x00000000eeffa3b8,0x00000000ef000000)
  to   space 15872K, 0% used [0x00000000f3a80000,0x00000000f3a80000,0x00000000f4a00000)
 ParOldGen       total 86016K, used 24465K [0x00000000c0000000, 0x00000000c5400000, 0x00000000eab00000)
  object space 86016K, 28% used [0x00000000c0000000,0x00000000c17e4478,0x00000000c5400000)
 Metaspace       used 6450K, capacity 7192K, committed 7424K, reserved 1056768K
  class space    used 627K, capacity 656K, committed 768K, reserved 1048576K

Card table byte_map: [0x0000000011960000,0x0000000011b70000] byte_map_base: 0x0000000011360000

Marking Bits: (ParMarkBitMap*) 0x000000006df40600
 Begin Bits: [0x00000000124d0000, 0x00000000134d0000)
 End Bits:   [0x00000000134d0000, 0x00000000144d0000)

Polling page: 0x0000000001ea0000

CodeCache: size=245760Kb used=9332Kb max_used=9335Kb free=236427Kb
 bounds [0x00000000025a0000, 0x0000000002ed0000, 0x00000000115a0000]
 total_blobs=2282 nmethods=2010 adapters=184
 compilation: enabled

Compilation events (10 events):
Event: 6.042 Thread 0x0000000017163800 2046       4       com.android.dx.dex.code.BlockAddresses::setupArrays (113 bytes)
Event: 6.042 Thread 0x0000000017172000 nmethod 2050 0x0000000002eae5d0 code [0x0000000002eae7e0, 0x0000000002eaf358]
Event: 6.044 Thread 0x0000000017172000 2052       3       com.android.dx.rop.type.Type::getComponentType (70 bytes)
Event: 6.045 Thread 0x0000000017172000 nmethod 2052 0x0000000002e99c90 code [0x0000000002e99ea0, 0x0000000002e9a9c8]
Event: 6.051 Thread 0x0000000017172000 2054       3       java.util.Vector::grow (57 bytes)
Event: 6.051 Thread 0x0000000017172000 nmethod 2054 0x0000000002e99390 code [0x0000000002e99520, 0x0000000002e99a58]
Event: 6.052 Thread 0x0000000017163800 nmethod 2046 0x0000000002ebe890 code [0x0000000002ebea40, 0x0000000002ebf1b8]
Event: 6.052 Thread 0x0000000017163800 2051   !   4       com.android.dx.cf.code.BytecodeArray::parseInstruction (2764 bytes)
Event: 6.061 Thread 0x0000000017172000 2055       3       com.android.dx.ssa.NormalSsaInsn::changeOneSource (120 bytes)
Event: 6.062 Thread 0x0000000017172000 nmethod 2055 0x0000000002ec60d0 code [0x0000000002ec6360, 0x0000000002ec7af8]

GC Heap History (10 events):
Event: 0.873 GC heap before
{Heap before GC invocations=1 (full 0):
 PSYoungGen      total 37888K, used 32768K [0x00000000eab00000, 0x00000000ed500000, 0x0000000100000000)
  eden space 32768K, 100% used [0x00000000eab00000,0x00000000ecb00000,0x00000000ecb00000)
  from space 5120K, 0% used [0x00000000ed000000,0x00000000ed000000,0x00000000ed500000)
  to   space 5120K, 0% used [0x00000000ecb00000,0x00000000ecb00000,0x00000000ed000000)
 ParOldGen       total 86016K, used 0K [0x00000000c0000000, 0x00000000c5400000, 0x00000000eab00000)
  object space 86016K, 0% used [0x00000000c0000000,0x00000000c0000000,0x00000000c5400000)
 Metaspace       used 5936K, capacity 6838K, committed 7040K, reserved 1056768K
  class space    used 606K, capacity 622K, committed 640K, reserved 1048576K
Event: 0.880 GC heap after
Heap after GC invocations=1 (full 0):
 PSYoungGen      total 37888K, used 5115K [0x00000000eab00000, 0x00000000ed500000, 0x0000000100000000)
  eden space 32768K, 0% used [0x00000000eab00000,0x00000000eab00000,0x00000000ecb00000)
  from space 5120K, 99% used [0x00000000ecb00000,0x00000000ecffee90,0x00000000ed000000)
  to   space 5120K, 0% used [0x00000000ed000000,0x00000000ed000000,0x00000000ed500000)
 ParOldGen       total 86016K, used 1042K [0x00000000c0000000, 0x00000000c5400000, 0x00000000eab00000)
  object space 86016K, 1% used [0x00000000c0000000,0x00000000c0104a70,0x00000000c5400000)
 Metaspace       used 5936K, capacity 6838K, committed 7040K, reserved 1056768K
  class space    used 606K, capacity 622K, committed 640K, reserved 1048576K
}
Event: 1.260 GC heap before
{Heap before GC invocations=2 (full 0):
 PSYoungGen      total 37888K, used 37883K [0x00000000eab00000, 0x00000000ed500000, 0x0000000100000000)
  eden space 32768K, 100% used [0x00000000eab00000,0x00000000ecb00000,0x00000000ecb00000)
  from space 5120K, 99% used [0x00000000ecb00000,0x00000000ecffee90,0x00000000ed000000)
  to   space 5120K, 0% used [0x00000000ed000000,0x00000000ed000000,0x00000000ed500000)
 ParOldGen       total 86016K, used 1042K [0x00000000c0000000, 0x00000000c5400000, 0x00000000eab00000)
  object space 86016K, 1% used [0x00000000c0000000,0x00000000c0104a70,0x00000000c5400000)
 Metaspace       used 6200K, capacity 7030K, committed 7296K, reserved 1056768K
  class space    used 607K, capacity 622K, committed 640K, reserved 1048576K
Event: 1.297 GC heap after
Heap after GC invocations=2 (full 0):
 PSYoungGen      total 37888K, used 5111K [0x00000000eab00000, 0x00000000ef500000, 0x0000000100000000)
  eden space 32768K, 0% used [0x00000000eab00000,0x00000000eab00000,0x00000000ecb00000)
  from space 5120K, 99% used [0x00000000ed000000,0x00000000ed4fde20,0x00000000ed500000)
  to   space 5120K, 0% used [0x00000000ecb00000,0x00000000ecb00000,0x00000000ed000000)
 ParOldGen       total 86016K, used 5036K [0x00000000c0000000, 0x00000000c5400000, 0x00000000eab00000)
  object space 86016K, 5% used [0x00000000c0000000,0x00000000c04eb210,0x00000000c5400000)
 Metaspace       used 6200K, capacity 7030K, committed 7296K, reserved 1056768K
  class space    used 607K, capacity 622K, committed 640K, reserved 1048576K
}
Event: 1.792 GC heap before
{Heap before GC invocations=3 (full 0):
 PSYoungGen      total 37888K, used 37879K [0x00000000eab00000, 0x00000000ef500000, 0x0000000100000000)
  eden space 32768K, 100% used [0x00000000eab00000,0x00000000ecb00000,0x00000000ecb00000)
  from space 5120K, 99% used [0x00000000ed000000,0x00000000ed4fde20,0x00000000ed500000)
  to   space 5120K, 0% used [0x00000000ecb00000,0x00000000ecb00000,0x00000000ed000000)
 ParOldGen       total 86016K, used 5036K [0x00000000c0000000, 0x00000000c5400000, 0x00000000eab00000)
  object space 86016K, 5% used [0x00000000c0000000,0x00000000c04eb210,0x00000000c5400000)
 Metaspace       used 6261K, capacity 7094K, committed 7296K, reserved 1056768K
  class space    used 607K, capacity 622K, committed 640K, reserved 1048576K
Event: 1.836 GC heap after
Heap after GC invocations=3 (full 0):
 PSYoungGen      total 37888K, used 5111K [0x00000000eab00000, 0x00000000ef500000, 0x0000000100000000)
  eden space 32768K, 0% used [0x00000000eab00000,0x00000000eab00000,0x00000000ecb00000)
  from space 5120K, 99% used [0x00000000ecb00000,0x00000000ecffdd08,0x00000000ed000000)
  to   space 5120K, 0% used [0x00000000ef000000,0x00000000ef000000,0x00000000ef500000)
 ParOldGen       total 86016K, used 9789K [0x00000000c0000000, 0x00000000c5400000, 0x00000000eab00000)
  object space 86016K, 11% used [0x00000000c0000000,0x00000000c098f7d8,0x00000000c5400000)
 Metaspace       used 6261K, capacity 7094K, committed 7296K, reserved 1056768K
  class space    used 607K, capacity 622K, committed 640K, reserved 1048576K
}
Event: 3.007 GC heap before
{Heap before GC invocations=4 (full 0):
 PSYoungGen      total 37888K, used 37879K [0x00000000eab00000, 0x00000000ef500000, 0x0000000100000000)
  eden space 32768K, 100% used [0x00000000eab00000,0x00000000ecb00000,0x00000000ecb00000)
  from space 5120K, 99% used [0x00000000ecb00000,0x00000000ecffdd08,0x00000000ed000000)
  to   space 5120K, 0% used [0x00000000ef000000,0x00000000ef000000,0x00000000ef500000)
 ParOldGen       total 86016K, used 9789K [0x00000000c0000000, 0x00000000c5400000, 0x00000000eab00000)
  object space 86016K, 11% used [0x00000000c0000000,0x00000000c098f7d8,0x00000000c5400000)
 Metaspace       used 6322K, capacity 7158K, committed 7296K, reserved 1056768K
  class space    used 607K, capacity 622K, committed 640K, reserved 1048576K
Event: 3.117 GC heap after
Heap after GC invocations=4 (full 0):
 PSYoungGen      total 70656K, used 5106K [0x00000000eab00000, 0x00000000ef500000, 0x0000000100000000)
  eden space 65536K, 0% used [0x00000000eab00000,0x00000000eab00000,0x00000000eeb00000)
  from space 5120K, 99% used [0x00000000ef000000,0x00000000ef4fc8f8,0x00000000ef500000)
  to   space 5120K, 0% used [0x00000000eeb00000,0x00000000eeb00000,0x00000000ef000000)
 ParOldGen       total 86016K, used 14993K [0x00000000c0000000, 0x00000000c5400000, 0x00000000eab00000)
  object space 86016K, 17% used [0x00000000c0000000,0x00000000c0ea44e0,0x00000000c5400000)
 Metaspace       used 6322K, capacity 7158K, committed 7296K, reserved 1056768K
  class space    used 607K, capacity 622K, committed 640K, reserved 1048576K
}
Event: 5.827 GC heap before
{Heap before GC invocations=5 (full 0):
 PSYoungGen      total 70656K, used 70642K [0x00000000eab00000, 0x00000000ef500000, 0x0000000100000000)
  eden space 65536K, 100% used [0x00000000eab00000,0x00000000eeb00000,0x00000000eeb00000)
  from space 5120K, 99% used [0x00000000ef000000,0x00000000ef4fc8f8,0x00000000ef500000)
  to   space 5120K, 0% used [0x00000000eeb00000,0x00000000eeb00000,0x00000000ef000000)
 ParOldGen       total 86016K, used 14993K [0x00000000c0000000, 0x00000000c5400000, 0x00000000eab00000)
  object space 86016K, 17% used [0x00000000c0000000,0x00000000c0ea44e0,0x00000000c5400000)
 Metaspace       used 6446K, capacity 7192K, committed 7424K, reserved 1056768K
  class space    used 627K, capacity 656K, committed 768K, reserved 1048576K
Event: 6.020 GC heap after
Heap after GC invocations=5 (full 0):
 PSYoungGen      total 70656K, used 5096K [0x00000000eab00000, 0x00000000f4a00000, 0x0000000100000000)
  eden space 65536K, 0% used [0x00000000eab00000,0x00000000eab00000,0x00000000eeb00000)
  from space 5120K, 99% used [0x00000000eeb00000,0x00000000eeffa3b8,0x00000000ef000000)
  to   space 15872K, 0% used [0x00000000f3a80000,0x00000000f3a80000,0x00000000f4a00000)
 ParOldGen       total 86016K, used 24465K [0x00000000c0000000, 0x00000000c5400000, 0x00000000eab00000)
  object space 86016K, 28% used [0x00000000c0000000,0x00000000c17e4478,0x00000000c5400000)
 Metaspace       used 6446K, capacity 7192K, committed 7424K, reserved 1056768K
  class space    used 627K, capacity 656K, committed 768K, reserved 1048576K
}

Deoptimization events (10 events):
Event: 5.422 Thread 0x0000000017cef000 Uncommon trap: reason=bimorphic action=maybe_recompile pc=0x0000000002e2b954 method=com.android.dx.rop.code.RegisterSpec.withSimpleType()Lcom/android/dx/rop/code/RegisterSpec; @ 21
Event: 5.429 Thread 0x0000000017cef000 Uncommon trap: reason=bimorphic action=maybe_recompile pc=0x0000000002b988cc method=com.android.dx.ssa.LiteralOpUpgrader.tryReplacingWithConstant(Lcom/android/dx/ssa/NormalSsaInsn;)Z @ 62
Event: 5.454 Thread 0x0000000017cef000 Uncommon trap: reason=class_check action=maybe_recompile pc=0x0000000002e39324 method=com.android.dx.ssa.SCCP.replaceConstants()V @ 182
Event: 5.467 Thread 0x0000000017cef000 Uncommon trap: reason=class_check action=maybe_recompile pc=0x0000000002e39324 method=com.android.dx.ssa.SCCP.replaceConstants()V @ 182
Event: 5.589 Thread 0x0000000017433000 Uncommon trap: reason=unstable_if action=reinterpret pc=0x00000000029cf008 method=java.util.HashMap.putVal(ILjava/lang/Object;Ljava/lang/Object;ZZ)Ljava/lang/Object; @ 162
Event: 6.040 Thread 0x000000001747e800 Uncommon trap: reason=bimorphic action=maybe_recompile pc=0x0000000002d14990 method=com.android.dx.cf.code.BytecodeArray.parseInstruction(ILcom/android/dx/cf/code/BytecodeArray$Visitor;)I @ 1130
Event: 6.040 Thread 0x000000001747e800 Uncommon trap: reason=bimorphic action=maybe_recompile pc=0x0000000002d14990 method=com.android.dx.cf.code.BytecodeArray.parseInstruction(ILcom/android/dx/cf/code/BytecodeArray$Visitor;)I @ 1130
Event: 6.043 Thread 0x000000001747e800 Uncommon trap: reason=bimorphic action=maybe_recompile pc=0x0000000002d144fc method=com.android.dx.cf.code.BytecodeArray.parseInstruction(ILcom/android/dx/cf/code/BytecodeArray$Visitor;)I @ 955
Event: 6.043 Thread 0x000000001747e800 Uncommon trap: reason=bimorphic action=maybe_recompile pc=0x0000000002d144fc method=com.android.dx.cf.code.BytecodeArray.parseInstruction(ILcom/android/dx/cf/code/BytecodeArray$Visitor;)I @ 955
Event: 6.062 Thread 0x0000000017cef000 Uncommon trap: reason=bimorphic action=maybe_recompile pc=0x0000000002b988cc method=com.android.dx.ssa.LiteralOpUpgrader.tryReplacingWithConstant(Lcom/android/dx/ssa/NormalSsaInsn;)Z @ 62

Internal exceptions (5 events):
Event: 0.151 Thread 0x0000000001f4e000 Exception <a 'java/lang/NoSuchMethodError': Method sun.misc.Unsafe.defineClass(Ljava/lang/String;[BII)Ljava/lang/Class; name or signature does not match> (0x00000000eab13108) thrown at [D:\re\puppet\workspace\8-2-build-windows-amd64-cygwin\jdk8u73\6086\hot≈öœc√?
Event: 0.151 Thread 0x0000000001f4e000 Exception <a 'java/lang/NoSuchMethodError': Method sun.misc.Unsafe.prefetchRead(Ljava/lang/Object;J)V name or signature does not match> (0x00000000eab133f0) thrown at [D:\re\puppet\workspace\8-2-build-windows-amd64-cygwin\jdk8u73\6086\hotspot\src\share\vm\≈N€ÿ€@
Event: 4.715 Thread 0x0000000017cef000 Exception <a 'java/lang/ArrayIndexOutOfBoundsException': 18> (0x00000000ed066218) thrown at [D:\re\puppet\workspace\8-2-build-windows-amd64-cygwin\jdk8u73\6086\hotspot\src\share\vm\interpreter\interpreterRuntime.cpp, line 366]
Event: 4.716 Thread 0x0000000017cef000 Exception <a 'java/lang/ArrayIndexOutOfBoundsException'> (0x00000000ed067d98) thrown at [D:\re\puppet\workspace\8-2-build-windows-amd64-cygwin\jdk8u73\6086\hotspot\src\share\vm\runtime\sharedRuntime.cpp, line 605]
Event: 4.717 Thread 0x0000000017cef000 Exception <a 'java/lang/ArrayIndexOutOfBoundsException'> (0x00000000ed069080) thrown at [D:\re\puppet\workspace\8-2-build-windows-amd64-cygwin\jdk8u73\6086\hotspot\src\share\vm\runtime\sharedRuntime.cpp, line 605]

Events (10 events):
Event: 6.040 Thread 0x000000001747e800 DEOPT UNPACKING pc=0x00000000025e582a sp=0x00000000189de6e8 mode 2
Event: 6.043 Thread 0x000000001747e800 Uncommon trap: trap_request=0xffffffc6 fr.pc=0x0000000002d144fc
Event: 6.043 Thread 0x000000001747e800 DEOPT PACKING pc=0x0000000002d144fc sp=0x00000000189de640
Event: 6.043 Thread 0x000000001747e800 DEOPT UNPACKING pc=0x00000000025e582a sp=0x00000000189de618 mode 2
Event: 6.043 Thread 0x000000001747e800 Uncommon trap: trap_request=0xffffffc6 fr.pc=0x0000000002d144fc
Event: 6.043 Thread 0x000000001747e800 DEOPT PACKING pc=0x0000000002d144fc sp=0x00000000189de710
Event: 6.043 Thread 0x000000001747e800 DEOPT UNPACKING pc=0x00000000025e582a sp=0x00000000189de6e8 mode 2
Event: 6.062 Thread 0x0000000017cef000 Uncommon trap: trap_request=0xffffffc6 fr.pc=0x0000000002b988cc
Event: 6.062 Thread 0x0000000017cef000 DEOPT PACKING pc=0x0000000002b988cc sp=0x00000000185debf0
Event: 6.062 Thread 0x0000000017cef000 DEOPT UNPACKING pc=0x00000000025e582a sp=0x00000000185deb90 mode 2


Dynamic libraries:
0x00007ff606890000 - 0x00007ff6068c7000 	C:\Program Files\Java\jdk1.8.0_73\bin\java.exe
0x00007ffaa1da0000 - 0x00007ffaa1f61000 	C:\WINDOWS\SYSTEM32\ntdll.dll
0x00007ffaa0ad0000 - 0x00007ffaa0b7d000 	C:\WINDOWS\system32\KERNEL32.DLL
0x00007ffa9e660000 - 0x00007ffa9e848000 	C:\WINDOWS\system32\KERNELBASE.dll
0x00007ffaa1610000 - 0x00007ffaa16b7000 	C:\WINDOWS\system32\ADVAPI32.dll
0x00007ffaa10f0000 - 0x00007ffaa118d000 	C:\WINDOWS\system32\msvcrt.dll
0x00007ffaa0be0000 - 0x00007ffaa0c3b000 	C:\WINDOWS\system32\sechost.dll
0x00007ffaa1870000 - 0x00007ffaa198c000 	C:\WINDOWS\system32\RPCRT4.dll
0x00007ffaa11b0000 - 0x00007ffaa1306000 	C:\WINDOWS\system32\USER32.dll
0x00007ffaa0f60000 - 0x00007ffaa10e6000 	C:\WINDOWS\system32\GDI32.dll
0x00007ffa99290000 - 0x00007ffa99504000 	C:\WINDOWS\WinSxS\amd64_microsoft.windows.common-controls_6595b64144ccf1df_6.0.10586.0_none_8c15ae12515e1c22\COMCTL32.dll
0x00007ffaa1310000 - 0x00007ffaa158d000 	C:\WINDOWS\system32\combase.dll
0x00007ffa9e200000 - 0x00007ffa9e26a000 	C:\WINDOWS\system32\bcryptPrimitives.dll
0x00007ffaa0c40000 - 0x00007ffaa0c7b000 	C:\WINDOWS\system32\IMM32.DLL
0x000000006d130000 - 0x000000006d202000 	C:\Program Files\Java\jdk1.8.0_73\jre\bin\msvcr100.dll
0x000000006d730000 - 0x000000006dfc0000 	C:\Program Files\Java\jdk1.8.0_73\jre\bin\server\jvm.dll
0x00007ffa9efb0000 - 0x00007ffa9efd3000 	C:\WINDOWS\system32\WINMM.dll
0x00007ffa9e1d0000 - 0x00007ffa9e1fc000 	C:\WINDOWS\system32\WINMMBASE.dll
0x00007ffa9eef0000 - 0x00007ffa9ef33000 	C:\WINDOWS\system32\cfgmgr32.dll
0x00007ffaa1590000 - 0x00007ffaa1598000 	C:\WINDOWS\system32\PSAPI.DLL
0x00007ffa97ad0000 - 0x00007ffa97ad9000 	C:\WINDOWS\SYSTEM32\WSOCK32.dll
0x00007ffaa0d30000 - 0x00007ffaa0d9b000 	C:\WINDOWS\system32\WS2_32.dll
0x00007ffa9a220000 - 0x00007ffa9a22a000 	C:\WINDOWS\SYSTEM32\VERSION.dll
0x000000006d640000 - 0x000000006d64f000 	C:\Program Files\Java\jdk1.8.0_73\jre\bin\verify.dll
0x000000006d610000 - 0x000000006d639000 	C:\Program Files\Java\jdk1.8.0_73\jre\bin\java.dll
0x000000006d5f0000 - 0x000000006d606000 	C:\Program Files\Java\jdk1.8.0_73\jre\bin\zip.dll
0x00007ffa9eff0000 - 0x00007ffaa054c000 	C:\WINDOWS\system32\SHELL32.dll
0x00007ffa9e850000 - 0x00007ffa9ee94000 	C:\WINDOWS\system32\windows.storage.dll
0x00007ffaa0da0000 - 0x00007ffaa0df2000 	C:\WINDOWS\system32\shlwapi.dll
0x00007ffa9e1c0000 - 0x00007ffa9e1cf000 	C:\WINDOWS\system32\kernel.appcore.dll
0x00007ffa9e320000 - 0x00007ffa9e3d5000 	C:\WINDOWS\system32\shcore.dll
0x00007ffa9eea0000 - 0x00007ffa9eeeb000 	C:\WINDOWS\system32\powrprof.dll
0x00007ffa9e1a0000 - 0x00007ffa9e1b4000 	C:\WINDOWS\system32\profapi.dll

VM Arguments:
jvm_args: -Djava.awt.headless=true -Xmx1024M -Dfile.encoding=GBK -Duser.country=CN -Duser.language=zh -Duser.variant 
java_command: com.android.dx.command.Main --dex --force-jumbo --num-threads=4 --multi-dex --output C:\Users\Administrator\AndroidStudioProjects\MyAppStore\app\build\intermediates\transforms\dex\debug\folders\1000\10\com.android.support-appcompat-v7-23.4.0_b72cc7b1b3972afe31e8d714f92d898c1626418b C:\Users\Administrator\AndroidStudioProjects\MyAppStore\app\build\intermediates\exploded-aar\com.android.support\appcompat-v7\23.4.0\jars\classes.jar
java_class_path (initial): F:\Android_Studio_SDK\build-tools\23.0.3\lib\dx.jar
Launcher Type: SUN_STANDARD

Environment Variables:
JAVA_HOME=C:\Program Files\Java\jdk1.8.0_73\
CLASSPATH=.;C:\Program Files\Java\jdk1.8.0_73\\lib\dt.jar;C:\Program Files\Java\jdk1.8.0_73\\lib\tools.jar;
PATH=C:\ProgramData\Oracle\Java\javapath;C:\WINDOWS\system32;C:\WINDOWS;C:\WINDOWS\System32\Wbem;C:\WINDOWS\System32\WindowsPowerShell\v1.0\;C:\Program Files\Java\jdk1.8.0_66\bin;C:\Program Files\Java\jdk1.8.0_66\jre\bin;C:\Python27;C:\Program Files (x86)\Microsoft SQL Server\90\Tools\binn\;C:\Users\Administrator\.dnx\bin;C:\Program Files\Microsoft DNX\Dnvm\;C:\Program Files\TortoiseSVN\bin;C:\Program Files (x86)\NVIDIA Corporation\PhysX\Common;E:\Android_Studio_SDK\platform-tools;E:\Android_Studio_SDK\tools\templates\gradle\wrapper\;C:\ProgramData\Oracle\Java\javapath;C:\WINDOWS\system32;C:\WINDOWS;C:\WINDOWS\System32\Wbem;C:\WINDOWS\System32\WindowsPowerShell\v1.0\;C:\Program Files\Java\jdk1.8.0_66\bin;C:\Program Files\Java\jdk1.8.0_66\jre\bin;C:\Program Files\TortoiseSVN\bin;C:\Python27;C:\Program Files (x86)\Microsoft SQL Server\90\Tools\binn\;C:\Users\Administrator\.dnx\bin;C:\Program Files\Microsoft DNX\Dnvm\;D:\GNUstep\GNUstep\System\Tools;D:\GNUstep\bin
USERNAME=Administrator
OS=Windows_NT
PROCESSOR_IDENTIFIER=Intel64 Family 6 Model 60 Stepping 3, GenuineIntel



---------------  S Y S T E M  ---------------

OS: Windows 10.0 , 64 bit Build 10586 (10.0.10586.0)

CPU:total 8 (4 cores per cpu, 2 threads per core) family 6 model 60 stepping 3, cmov, cx8, fxsr, mmx, sse, sse2, sse3, ssse3, sse4.1, sse4.2, popcnt, avx, avx2, aes, clmul, erms, lzcnt, ht, tsc, tscinvbit, bmi1, bmi2

Memory: 4k page, physical 8208440k(1070252k free), swap 11878456k(5300k free)

vm_info: Java HotSpot(TM) 64-Bit Server VM (25.73-b02) for windows-amd64 JRE (1.8.0_73-b02), built on Jan 29 2016 17:38:49 by "java_re" with MS VC++ 10.0 (VS2010)

time: Tue Jun 14 11:58:24 2016
elapsed time: 6 seconds (0d 0h 0m 6s)

