#
# There is insufficient memory for the Java Runtime Environment to continue.
# Native memory allocation (malloc) failed to allocate 1048576 bytes for AllocateHeap
# Possible reasons:
#   The system is out of physical RAM or swap space
#   In 32 bit mode, the process size limit was hit
# Possible solutions:
#   Reduce memory load on the system
#   Increase physical memory or swap space
#   Check if swap backing store is full
#   Use 64 bit Java on a 64 bit OS
#   Decrease Java heap size (-Xmx/-Xms)
#   Decrease number of Java threads
#   Decrease Java thread stack sizes (-Xss)
#   Set larger code cache with -XX:ReservedCodeCacheSize=
# This output file may be truncated or incomplete.
#
#  Out of Memory Error (memory/allocation.inline.hpp:61), pid=3668, tid=7956
#
# JRE version:  (8.0_73-b02) (build )
# Java VM: Java HotSpot(TM) 64-Bit Server VM (25.73-b02 mixed mode windows-amd64 compressed oops)
# Failed to write core dump. Minidumps are not enabled by default on client versions of Windows
#

---------------  T H R E A D  ---------------

Current thread (0x0000000001ece000):  JavaThread "Unknown thread" [_thread_in_vm, id=7956, stack(0x0000000002290000,0x0000000002390000)]

Stack: [0x0000000002290000,0x0000000002390000]
[error occurred during error reporting (printing stack bounds), id 0xc0000005]

Native frames: (J=compiled Java code, j=interpreted, Vv=VM code, C=native code)


---------------  P R O C E S S  ---------------

Java Threads: ( => current thread )

Other Threads:

=>0x0000000001ece000 (exited) JavaThread "Unknown thread" [_thread_in_vm, id=7956, stack(0x0000000002290000,0x0000000002390000)]

VM state:not at safepoint (normal execution)

VM Mutex/Monitor currently owned by a thread: None

Heap:
 PSYoungGen      total 37888K, used 655K [0x00000000eab00000, 0x00000000ed500000, 0x0000000100000000)
  eden space 32768K, 2% used [0x00000000eab00000,0x00000000eaba3d80,0x00000000ecb00000)
  from space 5120K, 0% used [0x00000000ed000000,0x00000000ed000000,0x00000000ed500000)
  to   space 5120K, 0% used [0x00000000ecb00000,0x00000000ecb00000,0x00000000ed000000)
 ParOldGen       total 86016K, used 0K [0x00000000c0000000, 0x00000000c5400000, 0x00000000eab00000)
  object space 86016K, 0% used [0x00000000c0000000,0x00000000c0000000,0x00000000c5400000)
 Metaspace       used 769K, capacity 4480K, committed 4480K, reserved 1056768K
  class space    used 75K, capacity 384K, committed 384K, reserved 1048576K

Card table byte_map: [0x0000000011950000,0x0000000011b60000] byte_map_base: 0x0000000011350000

Marking Bits: (ParMarkBitMap*) 0x000000006df40600
 Begin Bits: [0x00000000124c0000, 0x00000000134c0000)
 End Bits:   [0x00000000134c0000, 0x00000000144c0000)

Polling page: 0x0000000000500000

CodeCache: size=245760Kb used=328Kb max_used=328Kb free=245431Kb
 bounds [0x0000000002590000, 0x0000000002800000, 0x0000000011590000]
 total_blobs=57 nmethods=0 adapters=37
 compilation: enabled

Compilation events (0 events):
No events

GC Heap History (0 events):
No events

Deoptimization events (0 events):
No events

Internal exceptions (0 events):
No events

Events (10 events):
Event: 0.119 loading class java/lang/Short
Event: 0.119 loading class java/lang/Short done
Event: 0.119 loading class java/lang/Integer
Event: 0.119 loading class java/lang/Integer done
Event: 0.119 loading class java/lang/Long
Event: 0.119 loading class java/lang/Long done
Event: 0.159 loading class java/lang/NullPointerException
Event: 0.160 loading class java/lang/NullPointerException done
Event: 0.160 loading class java/lang/ArithmeticException
Event: 0.160 loading class java/lang/ArithmeticException done


Dynamic libraries:
0x00007ff606890000 - 0x00007ff6068c7000 	C:\Program Files\Java\jdk1.8.0_73\bin\java.exe
0x00007ffaa1da0000 - 0x00007ffaa1f61000 	C:\WINDOWS\SYSTEM32\ntdll.dll
0x00007ffaa0ad0000 - 0x00007ffaa0b7d000 	C:\WINDOWS\system32\KERNEL32.DLL
0x00007ffa9e660000 - 0x00007ffa9e848000 	C:\WINDOWS\system32\KERNELBASE.dll
0x00007ffaa1610000 - 0x00007ffaa16b7000 	C:\WINDOWS\system32\ADVAPI32.dll
0x00007ffaa10f0000 - 0x00007ffaa118d000 	C:\WINDOWS\system32\msvcrt.dll
0x00007ffaa0be0000 - 0x00007ffaa0c3b000 	C:\WINDOWS\system32\sechost.dll
0x00007ffaa1870000 - 0x00007ffaa198c000 	C:\WINDOWS\system32\RPCRT4.dll
0x00007ffaa11b0000 - 0x00007ffaa1306000 	C:\WINDOWS\system32\USER32.dll
0x00007ffaa0f60000 - 0x00007ffaa10e6000 	C:\WINDOWS\system32\GDI32.dll
0x00007ffa99290000 - 0x00007ffa99504000 	C:\WINDOWS\WinSxS\amd64_microsoft.windows.common-controls_6595b64144ccf1df_6.0.10586.0_none_8c15ae12515e1c22\COMCTL32.dll
0x00007ffaa1310000 - 0x00007ffaa158d000 	C:\WINDOWS\system32\combase.dll
0x00007ffa9e200000 - 0x00007ffa9e26a000 	C:\WINDOWS\system32\bcryptPrimitives.dll
0x00007ffaa0c40000 - 0x00007ffaa0c7b000 	C:\WINDOWS\system32\IMM32.DLL
0x000000006d130000 - 0x000000006d202000 	C:\Program Files\Java\jdk1.8.0_73\jre\bin\msvcr100.dll
0x000000006d730000 - 0x000000006dfc0000 	C:\Program Files\Java\jdk1.8.0_73\jre\bin\server\jvm.dll
0x00007ffa9efb0000 - 0x00007ffa9efd3000 	C:\WINDOWS\system32\WINMM.dll
0x00007ffa9e1d0000 - 0x00007ffa9e1fc000 	C:\WINDOWS\system32\WINMMBASE.dll
0x00007ffa9eef0000 - 0x00007ffa9ef33000 	C:\WINDOWS\system32\cfgmgr32.dll
0x00007ffaa1590000 - 0x00007ffaa1598000 	C:\WINDOWS\system32\PSAPI.DLL
0x00007ffa97ad0000 - 0x00007ffa97ad9000 	C:\WINDOWS\SYSTEM32\WSOCK32.dll
0x00007ffaa0d30000 - 0x00007ffaa0d9b000 	C:\WINDOWS\system32\WS2_32.dll
0x00007ffa9a220000 - 0x00007ffa9a22a000 	C:\WINDOWS\SYSTEM32\VERSION.dll
0x000000006d640000 - 0x000000006d64f000 	C:\Program Files\Java\jdk1.8.0_73\jre\bin\verify.dll
0x000000006d610000 - 0x000000006d639000 	C:\Program Files\Java\jdk1.8.0_73\jre\bin\java.dll
0x000000006d5f0000 - 0x000000006d606000 	C:\Program Files\Java\jdk1.8.0_73\jre\bin\zip.dll

VM Arguments:
jvm_args: -Djava.awt.headless=true -Xmx1024M -Dfile.encoding=GBK -Duser.country=CN -Duser.language=zh -Duser.variant 
java_command: com.android.dx.command.Main --dex --force-jumbo --num-threads=4 --multi-dex --output C:\Users\Administrator\AndroidStudioProjects\MyAppStore\app\build\intermediates\transforms\dex\debug\folders\1000\10\com.android.support-support-vector-drawable-23.4.0_e98566a68a3857555ce1b44a153bf14a6b5ac526 C:\Users\Administrator\AndroidStudioProjects\MyAppStore\app\build\intermediates\exploded-aar\com.android.support\support-vector-drawable\23.4.0\jars\classes.jar
java_class_path (initial): F:\Android_Studio_SDK\build-tools\23.0.3\lib\dx.jar
Launcher Type: SUN_STANDARD

Environment Variables:
JAVA_HOME=C:\Program Files\Java\jdk1.8.0_73\
CLASSPATH=.;C:\Program Files\Java\jdk1.8.0_73\\lib\dt.jar;C:\Program Files\Java\jdk1.8.0_73\\lib\tools.jar;
PATH=C:\ProgramData\Oracle\Java\javapath;C:\WINDOWS\system32;C:\WINDOWS;C:\WINDOWS\System32\Wbem;C:\WINDOWS\System32\WindowsPowerShell\v1.0\;C:\Program Files\Java\jdk1.8.0_66\bin;C:\Program Files\Java\jdk1.8.0_66\jre\bin;C:\Python27;C:\Program Files (x86)\Microsoft SQL Server\90\Tools\binn\;C:\Users\Administrator\.dnx\bin;C:\Program Files\Microsoft DNX\Dnvm\;C:\Program Files\TortoiseSVN\bin;C:\Program Files (x86)\NVIDIA Corporation\PhysX\Common;E:\Android_Studio_SDK\platform-tools;E:\Android_Studio_SDK\tools\templates\gradle\wrapper\;C:\ProgramData\Oracle\Java\javapath;C:\WINDOWS\system32;C:\WINDOWS;C:\WINDOWS\System32\Wbem;C:\WINDOWS\System32\WindowsPowerShell\v1.0\;C:\Program Files\Java\jdk1.8.0_66\bin;C:\Program Files\Java\jdk1.8.0_66\jre\bin;C:\Program Files\TortoiseSVN\bin;C:\Python27;C:\Program Files (x86)\Microsoft SQL Server\90\Tools\binn\;C:\Users\Administrator\.dnx\bin;C:\Program Files\Microsoft DNX\Dnvm\;D:\GNUstep\GNUstep\System\Tools;D:\GNUstep\bin
USERNAME=Administrator
OS=Windows_NT
PROCESSOR_IDENTIFIER=Intel64 Family 6 Model 60 Stepping 3, GenuineIntel



---------------  S Y S T E M  ---------------

OS: Windows 10.0 , 64 bit Build 10586 (10.0.10586.0)

CPU:total 8 (4 cores per cpu, 2 threads per core) family 6 model 60 stepping 3, cmov, cx8, fxsr, mmx, sse, sse2, sse3, ssse3, sse4.1, sse4.2, popcnt, avx, avx2, aes, clmul, erms, lzcnt, ht, tsc, tscinvbit, bmi1, bmi2

Memory: 4k page, physical 8208440k(924596k free), swap 11878456k(6088k free)

vm_info: Java HotSpot(TM) 64-Bit Server VM (25.73-b02) for windows-amd64 JRE (1.8.0_73-b02), built on Jan 29 2016 17:38:49 by "java_re" with MS VC++ 10.0 (VS2010)

time: Tue Jun 14 11:57:48 2016
elapsed time: 0 seconds (0d 0h 0m 0s)

