#
# There is insufficient memory for the Java Runtime Environment to continue.
# Native memory allocation (malloc) failed to allocate 262160 bytes for Chunk::new
# Possible reasons:
#   The system is out of physical RAM or swap space
#   In 32 bit mode, the process size limit was hit
# Possible solutions:
#   Reduce memory load on the system
#   Increase physical memory or swap space
#   Check if swap backing store is full
#   Use 64 bit Java on a 64 bit OS
#   Decrease Java heap size (-Xmx/-Xms)
#   Decrease number of Java threads
#   Decrease Java thread stack sizes (-Xss)
#   Set larger code cache with -XX:ReservedCodeCacheSize=
# This output file may be truncated or incomplete.
#
#  Out of Memory Error (allocation.cpp:390), pid=16836, tid=17244
#
# JRE version: Java(TM) SE Runtime Environment (8.0_73-b02) (build 1.8.0_73-b02)
# Java VM: Java HotSpot(TM) 64-Bit Server VM (25.73-b02 mixed mode windows-amd64 compressed oops)
# Failed to write core dump. Minidumps are not enabled by default on client versions of Windows
#

---------------  T H R E A D  ---------------

Current thread (0x000000001713e800):  JavaThread "C2 CompilerThread2" daemon [_thread_in_native, id=17244, stack(0x00000000178b0000,0x00000000179b0000)]

Stack: [0x00000000178b0000,0x00000000179b0000]
[error occurred during error reporting (printing stack bounds), id 0xc0000005]

Native frames: (J=compiled Java code, j=interpreted, Vv=VM code, C=native code)


Current CompileTask:
C2:   5817 1737   !   4       com.android.dx.cf.code.Ropper::processBlock (1101 bytes)


---------------  P R O C E S S  ---------------

Java Threads: ( => current thread )
  0x00000000173bb800 JavaThread "pool-2-thread-4" [_thread_blocked, id=10844, stack(0x00000000188b0000,0x00000000189b0000)]
  0x00000000173b6800 JavaThread "pool-2-thread-3" [_thread_blocked, id=6180, stack(0x00000000187b0000,0x00000000188b0000)]
  0x00000000173b3800 JavaThread "pool-2-thread-2" [_thread_blocked, id=6124, stack(0x00000000186b0000,0x00000000187b0000)]
  0x00000000173b0800 JavaThread "pool-3-thread-1" [_thread_blocked, id=10860, stack(0x00000000185b0000,0x00000000186b0000)]
  0x00000000173a0800 JavaThread "pool-2-thread-1" [_thread_blocked, id=14820, stack(0x00000000184b0000,0x00000000185b0000)]
  0x00000000171e2800 JavaThread "Service Thread" daemon [_thread_blocked, id=5384, stack(0x0000000017ab0000,0x0000000017bb0000)]
  0x0000000017164000 JavaThread "C1 CompilerThread3" daemon [_thread_blocked, id=10748, stack(0x00000000179b0000,0x0000000017ab0000)]
=>0x000000001713e800 JavaThread "C2 CompilerThread2" daemon [_thread_in_native, id=17244, stack(0x00000000178b0000,0x00000000179b0000)]
  0x0000000017137800 JavaThread "C2 CompilerThread1" daemon [_thread_blocked, id=18248, stack(0x00000000177b0000,0x00000000178b0000)]
  0x0000000017133800 JavaThread "C2 CompilerThread0" daemon [_thread_in_native, id=18560, stack(0x00000000176b0000,0x00000000177b0000)]
  0x0000000017131000 JavaThread "Attach Listener" daemon [_thread_blocked, id=15480, stack(0x00000000175b0000,0x00000000176b0000)]
  0x00000000170e7800 JavaThread "Signal Dispatcher" daemon [_thread_blocked, id=11020, stack(0x00000000174b0000,0x00000000175b0000)]
  0x0000000002533800 JavaThread "Finalizer" daemon [_thread_blocked, id=15160, stack(0x0000000016f50000,0x0000000017050000)]
  0x000000001507d000 JavaThread "Reference Handler" daemon [_thread_blocked, id=12088, stack(0x0000000016e50000,0x0000000016f50000)]
  0x0000000001fae000 JavaThread "main" [_thread_blocked, id=16252, stack(0x0000000002340000,0x0000000002440000)]

Other Threads:
  0x0000000015078800 VMThread [stack: 0x0000000016d50000,0x0000000016e50000] [id=17132]
  0x0000000017237000 WatcherThread [stack: 0x0000000017bb0000,0x0000000017cb0000] [id=13308]

VM state:not at safepoint (normal execution)

VM Mutex/Monitor currently owned by a thread:  ([mutex/lock_event])
[0x0000000001fad0c0] Heap_lock - owner thread: 0x00000000173a0800

Heap:
 PSYoungGen      total 70656K, used 5110K [0x00000000eab00000, 0x00000000f3500000, 0x0000000100000000)
  eden space 65536K, 0% used [0x00000000eab00000,0x00000000eab00018,0x00000000eeb00000)
  from space 5120K, 99% used [0x00000000eeb00000,0x00000000eeffda18,0x00000000ef000000)
  to   space 5120K, 0% used [0x00000000f3000000,0x00000000f3000000,0x00000000f3500000)
 ParOldGen       total 86016K, used 12767K [0x00000000c0000000, 0x00000000c5400000, 0x00000000eab00000)
  object space 86016K, 14% used [0x00000000c0000000,0x00000000c0c77d88,0x00000000c5400000)
 Metaspace       used 6319K, capacity 7158K, committed 7296K, reserved 1056768K
  class space    used 607K, capacity 622K, committed 640K, reserved 1048576K

Card table byte_map: [0x0000000011900000,0x0000000011b10000] byte_map_base: 0x0000000011300000

Marking Bits: (ParMarkBitMap*) 0x000000006df40600
 Begin Bits: [0x0000000012470000, 0x0000000013470000)
 End Bits:   [0x0000000013470000, 0x0000000014470000)

Polling page: 0x00000000005c0000

CodeCache: size=245760Kb used=8234Kb max_used=8249Kb free=237525Kb
 bounds [0x0000000002540000, 0x0000000002d60000, 0x0000000011540000]
 total_blobs=2058 nmethods=1787 adapters=184
 compilation: enabled

Compilation events (10 events):
Event: 5.693 Thread 0x0000000017164000 1805       3       com.android.dx.dex.cf.CfTranslator::translate0 (259 bytes)
Event: 5.695 Thread 0x0000000017164000 nmethod 1805 0x0000000002d48250 code [0x0000000002d486c0, 0x0000000002d4b2f8]
Event: 5.802 Thread 0x0000000017133800 nmethod 1769% 0x0000000002d51a90 code [0x0000000002d51d00, 0x0000000002d53b48]
Event: 5.803 Thread 0x0000000017133800 1796       4       com.android.dx.util.IntList::binarysearch (124 bytes)
Event: 5.805 Thread 0x0000000017133800 nmethod 1796 0x0000000002d3d890 code [0x0000000002d3d9e0, 0x0000000002d3db78]
Event: 5.805 Thread 0x0000000017133800 1789       4       com.android.dx.ssa.SsaMethod::updateOneDefinition (70 bytes)
Event: 5.807 Thread 0x0000000017133800 nmethod 1789 0x0000000002d0fd90 code [0x0000000002d0fee0, 0x0000000002d0fff8]
Event: 5.807 Thread 0x0000000017133800 1786       4       com.android.dx.cf.iface.StdAttributeList::findFirst (44 bytes)
Event: 5.810 Thread 0x0000000017133800 nmethod 1786 0x0000000002d4e510 code [0x0000000002d4e660, 0x0000000002d4e938]
Event: 5.810 Thread 0x0000000017133800 1790 %     4       com.android.dx.ssa.SCCP::run @ 93 (298 bytes)

GC Heap History (6 events):
Event: 2.704 GC heap before
{Heap before GC invocations=1 (full 0):
 PSYoungGen      total 37888K, used 32768K [0x00000000eab00000, 0x00000000ed500000, 0x0000000100000000)
  eden space 32768K, 100% used [0x00000000eab00000,0x00000000ecb00000,0x00000000ecb00000)
  from space 5120K, 0% used [0x00000000ed000000,0x00000000ed000000,0x00000000ed500000)
  to   space 5120K, 0% used [0x00000000ecb00000,0x00000000ecb00000,0x00000000ed000000)
 ParOldGen       total 86016K, used 0K [0x00000000c0000000, 0x00000000c5400000, 0x00000000eab00000)
  object space 86016K, 0% used [0x00000000c0000000,0x00000000c0000000,0x00000000c5400000)
 Metaspace       used 6022K, capacity 6900K, committed 7040K, reserved 1056768K
  class space    used 604K, capacity 620K, committed 640K, reserved 1048576K
Event: 2.762 GC heap after
Heap after GC invocations=1 (full 0):
 PSYoungGen      total 37888K, used 5103K [0x00000000eab00000, 0x00000000ef500000, 0x0000000100000000)
  eden space 32768K, 0% used [0x00000000eab00000,0x00000000eab00000,0x00000000ecb00000)
  from space 5120K, 99% used [0x00000000ecb00000,0x00000000ecffbca8,0x00000000ed000000)
  to   space 5120K, 0% used [0x00000000ef000000,0x00000000ef000000,0x00000000ef500000)
 ParOldGen       total 86016K, used 24K [0x00000000c0000000, 0x00000000c5400000, 0x00000000eab00000)
  object space 86016K, 0% used [0x00000000c0000000,0x00000000c0006000,0x00000000c5400000)
 Metaspace       used 6022K, capacity 6900K, committed 7040K, reserved 1056768K
  class space    used 604K, capacity 620K, committed 640K, reserved 1048576K
}
Event: 3.288 GC heap before
{Heap before GC invocations=2 (full 0):
 PSYoungGen      total 37888K, used 37871K [0x00000000eab00000, 0x00000000ef500000, 0x0000000100000000)
  eden space 32768K, 100% used [0x00000000eab00000,0x00000000ecb00000,0x00000000ecb00000)
  from space 5120K, 99% used [0x00000000ecb00000,0x00000000ecffbca8,0x00000000ed000000)
  to   space 5120K, 0% used [0x00000000ef000000,0x00000000ef000000,0x00000000ef500000)
 ParOldGen       total 86016K, used 24K [0x00000000c0000000, 0x00000000c5400000, 0x00000000eab00000)
  object space 86016K, 0% used [0x00000000c0000000,0x00000000c0006000,0x00000000c5400000)
 Metaspace       used 6240K, capacity 7094K, committed 7296K, reserved 1056768K
  class space    used 606K, capacity 622K, committed 640K, reserved 1048576K
Event: 3.581 GC heap after
Heap after GC invocations=2 (full 0):
 PSYoungGen      total 70656K, used 5109K [0x00000000eab00000, 0x00000000ef500000, 0x0000000100000000)
  eden space 65536K, 0% used [0x00000000eab00000,0x00000000eab00000,0x00000000eeb00000)
  from space 5120K, 99% used [0x00000000ef000000,0x00000000ef4fd698,0x00000000ef500000)
  to   space 5120K, 0% used [0x00000000eeb00000,0x00000000eeb00000,0x00000000ef000000)
 ParOldGen       total 86016K, used 3321K [0x00000000c0000000, 0x00000000c5400000, 0x00000000eab00000)
  object space 86016K, 3% used [0x00000000c0000000,0x00000000c033e5b8,0x00000000c5400000)
 Metaspace       used 6240K, capacity 7094K, committed 7296K, reserved 1056768K
  class space    used 606K, capacity 622K, committed 640K, reserved 1048576K
}
Event: 5.698 GC heap before
{Heap before GC invocations=3 (full 0):
 PSYoungGen      total 70656K, used 70645K [0x00000000eab00000, 0x00000000ef500000, 0x0000000100000000)
  eden space 65536K, 100% used [0x00000000eab00000,0x00000000eeb00000,0x00000000eeb00000)
  from space 5120K, 99% used [0x00000000ef000000,0x00000000ef4fd698,0x00000000ef500000)
  to   space 5120K, 0% used [0x00000000eeb00000,0x00000000eeb00000,0x00000000ef000000)
 ParOldGen       total 86016K, used 3321K [0x00000000c0000000, 0x00000000c5400000, 0x00000000eab00000)
  object space 86016K, 3% used [0x00000000c0000000,0x00000000c033e5b8,0x00000000c5400000)
 Metaspace       used 6319K, capacity 7158K, committed 7296K, reserved 1056768K
  class space    used 607K, capacity 622K, committed 640K, reserved 1048576K
Event: 5.801 GC heap after
Heap after GC invocations=3 (full 0):
 PSYoungGen      total 70656K, used 5110K [0x00000000eab00000, 0x00000000f3500000, 0x0000000100000000)
  eden space 65536K, 0% used [0x00000000eab00000,0x00000000eab00000,0x00000000eeb00000)
  from space 5120K, 99% used [0x00000000eeb00000,0x00000000eeffda18,0x00000000ef000000)
  to   space 5120K, 0% used [0x00000000f3000000,0x00000000f3000000,0x00000000f3500000)
 ParOldGen       total 86016K, used 12767K [0x00000000c0000000, 0x00000000c5400000, 0x00000000eab00000)
  object space 86016K, 14% used [0x00000000c0000000,0x00000000c0c77d88,0x00000000c5400000)
 Metaspace       used 6319K, capacity 7158K, committed 7296K, reserved 1056768K
  class space    used 607K, capacity 622K, committed 640K, reserved 1048576K
}

Deoptimization events (10 events):
Event: 5.195 Thread 0x00000000173bb800 Uncommon trap: reason=class_check action=maybe_recompile pc=0x00000000029f7ec0 method=java.util.HashMap.putVal(ILjava/lang/Object;Ljava/lang/Object;ZZ)Ljava/lang/Object; @ 203
Event: 5.195 Thread 0x00000000173bb800 Uncommon trap: reason=bimorphic action=maybe_recompile pc=0x000000000284be34 method=java.util.HashMap.getNode(ILjava/lang/Object;)Ljava/util/HashMap$Node; @ 126
Event: 5.195 Thread 0x00000000173bb800 Uncommon trap: reason=class_check action=maybe_recompile pc=0x00000000029f7ec0 method=java.util.HashMap.putVal(ILjava/lang/Object;Ljava/lang/Object;ZZ)Ljava/lang/Object; @ 203
Event: 5.195 Thread 0x00000000173bb800 Uncommon trap: reason=bimorphic action=maybe_recompile pc=0x000000000284be34 method=java.util.HashMap.getNode(ILjava/lang/Object;)Ljava/util/HashMap$Node; @ 126
Event: 5.195 Thread 0x00000000173bb800 Uncommon trap: reason=bimorphic action=maybe_recompile pc=0x000000000284be34 method=java.util.HashMap.getNode(ILjava/lang/Object;)Ljava/util/HashMap$Node; @ 126
Event: 5.195 Thread 0x00000000173bb800 Uncommon trap: reason=class_check action=maybe_recompile pc=0x00000000029f7ec0 method=java.util.HashMap.putVal(ILjava/lang/Object;Ljava/lang/Object;ZZ)Ljava/lang/Object; @ 203
Event: 5.329 Thread 0x00000000173b3800 Uncommon trap: reason=unstable_if action=reinterpret pc=0x0000000002b6dc0c method=com.android.dx.ssa.SCCP.simulateBranch(Lcom/android/dx/ssa/SsaInsn;)V @ 64
Event: 5.329 Thread 0x00000000173b3800 Uncommon trap: reason=unstable_if action=reinterpret pc=0x0000000002ba8f84 method=com.android.dx.ssa.LiteralOpUpgrader$1.visitNonMoveInsn(Lcom/android/dx/ssa/NormalSsaInsn;)V @ 55
Event: 5.332 Thread 0x00000000173b3800 Uncommon trap: reason=unstable_if action=reinterpret pc=0x00000000029c36dc method=com.android.dx.ssa.SsaMethod.updateOneDefinition(Lcom/android/dx/ssa/SsaInsn;Lcom/android/dx/rop/code/RegisterSpec;)V @ 4
Event: 5.623 Thread 0x00000000173bb800 Uncommon trap: reason=unstable_if action=reinterpret pc=0x0000000002d15318 method=com.android.dx.cf.code.RopperMachine.run(Lcom/android/dx/cf/code/Frame;II)V @ 1250

Internal exceptions (3 events):
Event: 0.103 Thread 0x0000000001fae000 Exception <a 'java/lang/NoSuchMethodError': Method sun.misc.Unsafe.defineClass(Ljava/lang/String;[BII)Ljava/lang/Class; name or signature does not match> (0x00000000eab13108) thrown at [D:\re\puppet\workspace\8-2-build-windows-amd64-cygwin\jdk8u73\6086\hotaböÈHº?
Event: 0.103 Thread 0x0000000001fae000 Exception <a 'java/lang/NoSuchMethodError': Method sun.misc.Unsafe.prefetchRead(Ljava/lang/Object;J)V name or signature does not match> (0x00000000eab133f0) thrown at [D:\re\puppet\workspace\8-2-build-windows-amd64-cygwin\jdk8u73\6086\hotspot\src\share\vm\	,b+®@
Event: 3.628 Thread 0x00000000173b3800 Implicit null exception at 0x0000000002a845e2 to 0x0000000002a846da

Events (10 events):
Event: 5.332 Thread 0x00000000173b3800 Uncommon trap: trap_request=0xffffff65 fr.pc=0x00000000029c36dc
Event: 5.332 Thread 0x00000000173b3800 DEOPT PACKING pc=0x00000000029c36dc sp=0x00000000187ae440
Event: 5.332 Thread 0x00000000173b3800 DEOPT UNPACKING pc=0x000000000258582a sp=0x00000000187ae3e8 mode 2
Event: 5.570 loading class com/android/dx/rop/code/RegisterSpec$1
Event: 5.570 loading class com/android/dx/rop/code/RegisterSpec$1 done
Event: 5.623 Thread 0x00000000173bb800 Uncommon trap: trap_request=0xffffff65 fr.pc=0x0000000002d15318
Event: 5.623 Thread 0x00000000173bb800 DEOPT PACKING pc=0x0000000002d15318 sp=0x00000000189ae5a0
Event: 5.623 Thread 0x00000000173bb800 DEOPT UNPACKING pc=0x000000000258582a sp=0x00000000189ae548 mode 2
Event: 5.698 Executing VM operation: ParallelGCFailedAllocation
Event: 5.801 Executing VM operation: ParallelGCFailedAllocation done


Dynamic libraries:
0x00007ff606890000 - 0x00007ff6068c7000 	C:\Program Files\Java\jdk1.8.0_73\bin\java.exe
0x00007ffaa1da0000 - 0x00007ffaa1f61000 	C:\WINDOWS\SYSTEM32\ntdll.dll
0x00007ffaa0ad0000 - 0x00007ffaa0b7d000 	C:\WINDOWS\system32\KERNEL32.DLL
0x00007ffa9e660000 - 0x00007ffa9e848000 	C:\WINDOWS\system32\KERNELBASE.dll
0x00007ffaa1610000 - 0x00007ffaa16b7000 	C:\WINDOWS\system32\ADVAPI32.dll
0x00007ffaa10f0000 - 0x00007ffaa118d000 	C:\WINDOWS\system32\msvcrt.dll
0x00007ffaa0be0000 - 0x00007ffaa0c3b000 	C:\WINDOWS\system32\sechost.dll
0x00007ffaa1870000 - 0x00007ffaa198c000 	C:\WINDOWS\system32\RPCRT4.dll
0x00007ffaa11b0000 - 0x00007ffaa1306000 	C:\WINDOWS\system32\USER32.dll
0x00007ffaa0f60000 - 0x00007ffaa10e6000 	C:\WINDOWS\system32\GDI32.dll
0x00007ffa99290000 - 0x00007ffa99504000 	C:\WINDOWS\WinSxS\amd64_microsoft.windows.common-controls_6595b64144ccf1df_6.0.10586.0_none_8c15ae12515e1c22\COMCTL32.dll
0x00007ffaa1310000 - 0x00007ffaa158d000 	C:\WINDOWS\system32\combase.dll
0x00007ffa9e200000 - 0x00007ffa9e26a000 	C:\WINDOWS\system32\bcryptPrimitives.dll
0x00007ffaa0c40000 - 0x00007ffaa0c7b000 	C:\WINDOWS\system32\IMM32.DLL
0x000000006d130000 - 0x000000006d202000 	C:\Program Files\Java\jdk1.8.0_73\jre\bin\msvcr100.dll
0x000000006d730000 - 0x000000006dfc0000 	C:\Program Files\Java\jdk1.8.0_73\jre\bin\server\jvm.dll
0x00007ffa9efb0000 - 0x00007ffa9efd3000 	C:\WINDOWS\system32\WINMM.dll
0x00007ffa9e1d0000 - 0x00007ffa9e1fc000 	C:\WINDOWS\system32\WINMMBASE.dll
0x00007ffa9eef0000 - 0x00007ffa9ef33000 	C:\WINDOWS\system32\cfgmgr32.dll
0x00007ffaa1590000 - 0x00007ffaa1598000 	C:\WINDOWS\system32\PSAPI.DLL
0x00007ffa97ad0000 - 0x00007ffa97ad9000 	C:\WINDOWS\SYSTEM32\WSOCK32.dll
0x00007ffaa0d30000 - 0x00007ffaa0d9b000 	C:\WINDOWS\system32\WS2_32.dll
0x00007ffa9a220000 - 0x00007ffa9a22a000 	C:\WINDOWS\SYSTEM32\VERSION.dll
0x000000006d640000 - 0x000000006d64f000 	C:\Program Files\Java\jdk1.8.0_73\jre\bin\verify.dll
0x000000006d610000 - 0x000000006d639000 	C:\Program Files\Java\jdk1.8.0_73\jre\bin\java.dll
0x000000006d5f0000 - 0x000000006d606000 	C:\Program Files\Java\jdk1.8.0_73\jre\bin\zip.dll
0x00007ffa9eff0000 - 0x00007ffaa054c000 	C:\WINDOWS\system32\SHELL32.dll
0x00007ffa9e850000 - 0x00007ffa9ee94000 	C:\WINDOWS\system32\windows.storage.dll
0x00007ffaa0da0000 - 0x00007ffaa0df2000 	C:\WINDOWS\system32\shlwapi.dll
0x00007ffa9e1c0000 - 0x00007ffa9e1cf000 	C:\WINDOWS\system32\kernel.appcore.dll
0x00007ffa9e320000 - 0x00007ffa9e3d5000 	C:\WINDOWS\system32\shcore.dll
0x00007ffa9eea0000 - 0x00007ffa9eeeb000 	C:\WINDOWS\system32\powrprof.dll
0x00007ffa9e1a0000 - 0x00007ffa9e1b4000 	C:\WINDOWS\system32\profapi.dll

VM Arguments:
jvm_args: -Djava.awt.headless=true -Xmx1024M -Dfile.encoding=GBK -Duser.country=CN -Duser.language=zh -Duser.variant 
java_command: com.android.dx.command.Main --dex --force-jumbo --num-threads=4 --multi-dex --output C:\Users\Administrator\AndroidStudioProjects\MyAppStore\app\build\intermediates\transforms\dex\debug\folders\1000\10\com.android.support-support-v4-23.4.0_602d82606acffccd8a66da70468c7f879e6a34e0 C:\Users\Administrator\AndroidStudioProjects\MyAppStore\app\build\intermediates\exploded-aar\com.android.support\support-v4\23.4.0\jars\classes.jar
java_class_path (initial): F:\Android_Studio_SDK\build-tools\23.0.3\lib\dx.jar
Launcher Type: SUN_STANDARD

Environment Variables:
JAVA_HOME=C:\Program Files\Java\jdk1.8.0_73\
CLASSPATH=.;C:\Program Files\Java\jdk1.8.0_73\\lib\dt.jar;C:\Program Files\Java\jdk1.8.0_73\\lib\tools.jar;
PATH=C:\ProgramData\Oracle\Java\javapath;C:\WINDOWS\system32;C:\WINDOWS;C:\WINDOWS\System32\Wbem;C:\WINDOWS\System32\WindowsPowerShell\v1.0\;C:\Program Files\Java\jdk1.8.0_66\bin;C:\Program Files\Java\jdk1.8.0_66\jre\bin;C:\Python27;C:\Program Files (x86)\Microsoft SQL Server\90\Tools\binn\;C:\Users\Administrator\.dnx\bin;C:\Program Files\Microsoft DNX\Dnvm\;C:\Program Files\TortoiseSVN\bin;C:\Program Files (x86)\NVIDIA Corporation\PhysX\Common;E:\Android_Studio_SDK\platform-tools;E:\Android_Studio_SDK\tools\templates\gradle\wrapper\;C:\ProgramData\Oracle\Java\javapath;C:\WINDOWS\system32;C:\WINDOWS;C:\WINDOWS\System32\Wbem;C:\WINDOWS\System32\WindowsPowerShell\v1.0\;C:\Program Files\Java\jdk1.8.0_66\bin;C:\Program Files\Java\jdk1.8.0_66\jre\bin;C:\Program Files\TortoiseSVN\bin;C:\Python27;C:\Program Files (x86)\Microsoft SQL Server\90\Tools\binn\;C:\Users\Administrator\.dnx\bin;C:\Program Files\Microsoft DNX\Dnvm\;D:\GNUstep\GNUstep\System\Tools;D:\GNUstep\bin
USERNAME=Administrator
OS=Windows_NT
PROCESSOR_IDENTIFIER=Intel64 Family 6 Model 60 Stepping 3, GenuineIntel



---------------  S Y S T E M  ---------------

OS: Windows 10.0 , 64 bit Build 10586 (10.0.10586.0)

CPU:total 8 (4 cores per cpu, 2 threads per core) family 6 model 60 stepping 3, cmov, cx8, fxsr, mmx, sse, sse2, sse3, ssse3, sse4.1, sse4.2, popcnt, avx, avx2, aes, clmul, erms, lzcnt, ht, tsc, tscinvbit, bmi1, bmi2

Memory: 4k page, physical 8208440k(1070244k free), swap 11878456k(5300k free)

vm_info: Java HotSpot(TM) 64-Bit Server VM (25.73-b02) for windows-amd64 JRE (1.8.0_73-b02), built on Jan 29 2016 17:38:49 by "java_re" with MS VC++ 10.0 (VS2010)

time: Tue Jun 14 11:58:24 2016
elapsed time: 5 seconds (0d 0h 0m 5s)

