#
# There is insufficient memory for the Java Runtime Environment to continue.
# Native memory allocation (malloc) failed to allocate 1046496 bytes for Chunk::new
# Possible reasons:
#   The system is out of physical RAM or swap space
#   In 32 bit mode, the process size limit was hit
# Possible solutions:
#   Reduce memory load on the system
#   Increase physical memory or swap space
#   Check if swap backing store is full
#   Use 64 bit Java on a 64 bit OS
#   Decrease Java heap size (-Xmx/-Xms)
#   Decrease number of Java threads
#   Decrease Java thread stack sizes (-Xss)
#   Set larger code cache with -XX:ReservedCodeCacheSize=
# This output file may be truncated or incomplete.
#
#  Out of Memory Error (allocation.cpp:390), pid=8672, tid=13732
#
# JRE version: Java(TM) SE Runtime Environment (8.0_73-b02) (build 1.8.0_73-b02)
# Java VM: Java HotSpot(TM) 64-Bit Server VM (25.73-b02 mixed mode windows-amd64 compressed oops)
# Failed to write core dump. Minidumps are not enabled by default on client versions of Windows
#

---------------  T H R E A D  ---------------

Current thread (0x0000000017267000):  JavaThread "C2 CompilerThread1" daemon [_thread_in_native, id=13732, stack(0x00000000178e0000,0x00000000179e0000)]

Stack: [0x00000000178e0000,0x00000000179e0000]
[error occurred during error reporting (printing stack bounds), id 0xc0000005]

Native frames: (J=compiled Java code, j=interpreted, Vv=VM code, C=native code)


Current CompileTask:
C2:   1066 1138       4       com.android.dx.ssa.SCCP::simulateBranch (666 bytes)


---------------  P R O C E S S  ---------------

Java Threads: ( => current thread )
  0x0000000017422800 JavaThread "pool-1-thread-1" [_thread_in_native, id=6184, stack(0x0000000019ab0000,0x0000000019bb0000)]
  0x00000000172c8000 JavaThread "Service Thread" daemon [_thread_blocked, id=9892, stack(0x0000000017be0000,0x0000000017ce0000)]
  0x000000001726e800 JavaThread "C1 CompilerThread3" daemon [_thread_blocked, id=18904, stack(0x0000000017ae0000,0x0000000017be0000)]
  0x0000000017269000 JavaThread "C2 CompilerThread2" daemon [_thread_in_native, id=4840, stack(0x00000000179e0000,0x0000000017ae0000)]
=>0x0000000017267000 JavaThread "C2 CompilerThread1" daemon [_thread_in_native, id=13732, stack(0x00000000178e0000,0x00000000179e0000)]
  0x0000000017263000 JavaThread "C2 CompilerThread0" daemon [_thread_in_native, id=11404, stack(0x00000000177e0000,0x00000000178e0000)]
  0x0000000017261000 JavaThread "Attach Listener" daemon [_thread_blocked, id=2812, stack(0x00000000176e0000,0x00000000177e0000)]
  0x0000000017217800 JavaThread "Signal Dispatcher" daemon [_thread_blocked, id=8760, stack(0x00000000175e0000,0x00000000176e0000)]
  0x00000000026f3800 JavaThread "Finalizer" daemon [_thread_blocked, id=17288, stack(0x00000000170e0000,0x00000000171e0000)]
  0x000000001521d000 JavaThread "Reference Handler" daemon [_thread_blocked, id=14436, stack(0x0000000016fe0000,0x00000000170e0000)]
  0x000000000228e000 JavaThread "main" [_thread_blocked, id=15840, stack(0x00000000020c0000,0x00000000021c0000)]

Other Threads:
  0x0000000015218800 VMThread [stack: 0x0000000016ee0000,0x0000000016fe0000] [id=14480]
  0x00000000172e1000 WatcherThread [stack: 0x0000000017ce0000,0x0000000017de0000] [id=2784]

VM state:not at safepoint (normal execution)

VM Mutex/Monitor currently owned by a thread: None

Heap:
 PSYoungGen      total 37888K, used 15180K [0x00000000eab00000, 0x00000000ef500000, 0x0000000100000000)
  eden space 32768K, 30% used [0x00000000eab00000,0x00000000eb4d9778,0x00000000ecb00000)
  from space 5120K, 99% used [0x00000000ecb00000,0x00000000ecff9bc0,0x00000000ed000000)
  to   space 5120K, 0% used [0x00000000ef000000,0x00000000ef000000,0x00000000ef500000)
 ParOldGen       total 86016K, used 1400K [0x00000000c0000000, 0x00000000c5400000, 0x00000000eab00000)
  object space 86016K, 1% used [0x00000000c0000000,0x00000000c015e150,0x00000000c5400000)
 Metaspace       used 6077K, capacity 7000K, committed 7168K, reserved 1056768K
  class space    used 612K, capacity 656K, committed 768K, reserved 1048576K

Card table byte_map: [0x0000000011ac0000,0x0000000011cd0000] byte_map_base: 0x00000000114c0000

Marking Bits: (ParMarkBitMap*) 0x000000006df40600
 Begin Bits: [0x0000000012630000, 0x0000000013630000)
 End Bits:   [0x0000000013630000, 0x0000000014630000)

Polling page: 0x00000000004f0000

CodeCache: size=245760Kb used=4829Kb max_used=4829Kb free=240930Kb
 bounds [0x0000000002700000, 0x0000000002bc0000, 0x0000000011700000]
 total_blobs=1546 nmethods=1275 adapters=184
 compilation: enabled

Compilation events (10 events):
Event: 1.061 Thread 0x000000001726e800 nmethod 1289 0x0000000002bb8050 code [0x0000000002bb8220, 0x0000000002bb8c48]
Event: 1.061 Thread 0x000000001726e800 1290       3       com.android.dx.dex.file.IdItem::addContents (15 bytes)
Event: 1.061 Thread 0x000000001726e800 nmethod 1290 0x0000000002bb5a50 code [0x0000000002bb5bc0, 0x0000000002bb5e68]
Event: 1.062 Thread 0x000000001726e800 1291       3       com.android.dx.rop.cst.CstFieldRef::getType (8 bytes)
Event: 1.063 Thread 0x000000001726e800 nmethod 1291 0x0000000002bb5410 code [0x0000000002bb5580, 0x0000000002bb5928]
Event: 1.063 Thread 0x000000001726e800 1292       3       com.android.dx.rop.cst.CstNat::getFieldType (11 bytes)
Event: 1.063 Thread 0x000000001726e800 nmethod 1292 0x0000000002bb90d0 code [0x0000000002bb9240, 0x0000000002bb9468]
Event: 1.063 Thread 0x000000001726e800 1295       1       com.android.dx.dex.file.DexFile::getTypeLists (5 bytes)
Event: 1.063 Thread 0x000000001726e800 nmethod 1295 0x0000000002bb9510 code [0x0000000002bb9660, 0x0000000002bb9770]
Event: 1.063 Thread 0x000000001726e800 1296  s    2       com.android.dx.dex.file.MixedItemSection::intern (39 bytes)

GC Heap History (2 events):
Event: 0.853 GC heap before
{Heap before GC invocations=1 (full 0):
 PSYoungGen      total 37888K, used 32768K [0x00000000eab00000, 0x00000000ed500000, 0x0000000100000000)
  eden space 32768K, 100% used [0x00000000eab00000,0x00000000ecb00000,0x00000000ecb00000)
  from space 5120K, 0% used [0x00000000ed000000,0x00000000ed000000,0x00000000ed500000)
  to   space 5120K, 0% used [0x00000000ecb00000,0x00000000ecb00000,0x00000000ed000000)
 ParOldGen       total 86016K, used 0K [0x00000000c0000000, 0x00000000c5400000, 0x00000000eab00000)
  object space 86016K, 0% used [0x00000000c0000000,0x00000000c0000000,0x00000000c5400000)
 Metaspace       used 5903K, capacity 6836K, committed 7040K, reserved 1056768K
  class space    used 603K, capacity 620K, committed 640K, reserved 1048576K
Event: 0.865 GC heap after
Heap after GC invocations=1 (full 0):
 PSYoungGen      total 37888K, used 5094K [0x00000000eab00000, 0x00000000ef500000, 0x0000000100000000)
  eden space 32768K, 0% used [0x00000000eab00000,0x00000000eab00000,0x00000000ecb00000)
  from space 5120K, 99% used [0x00000000ecb00000,0x00000000ecff9bc0,0x00000000ed000000)
  to   space 5120K, 0% used [0x00000000ef000000,0x00000000ef000000,0x00000000ef500000)
 ParOldGen       total 86016K, used 1400K [0x00000000c0000000, 0x00000000c5400000, 0x00000000eab00000)
  object space 86016K, 1% used [0x00000000c0000000,0x00000000c015e150,0x00000000c5400000)
 Metaspace       used 5903K, capacity 6836K, committed 7040K, reserved 1056768K
  class space    used 603K, capacity 620K, committed 640K, reserved 1048576K
}

Deoptimization events (10 events):
Event: 1.026 Thread 0x0000000017422800 Uncommon trap: reason=bimorphic action=maybe_recompile pc=0x00000000028fcaec method=java.util.HashMap.getNode(ILjava/lang/Object;)Ljava/util/HashMap$Node; @ 126
Event: 1.032 Thread 0x0000000017422800 Uncommon trap: reason=class_check action=maybe_recompile pc=0x0000000002a5c80c method=java.util.HashMap.putVal(ILjava/lang/Object;Ljava/lang/Object;ZZ)Ljava/lang/Object; @ 203
Event: 1.032 Thread 0x0000000017422800 Uncommon trap: reason=class_check action=maybe_recompile pc=0x0000000002a5c80c method=java.util.HashMap.putVal(ILjava/lang/Object;Ljava/lang/Object;ZZ)Ljava/lang/Object; @ 203
Event: 1.032 Thread 0x0000000017422800 Uncommon trap: reason=class_check action=maybe_recompile pc=0x0000000002a5c80c method=java.util.HashMap.putVal(ILjava/lang/Object;Ljava/lang/Object;ZZ)Ljava/lang/Object; @ 203
Event: 1.032 Thread 0x0000000017422800 Uncommon trap: reason=class_check action=maybe_recompile pc=0x0000000002a5c80c method=java.util.HashMap.putVal(ILjava/lang/Object;Ljava/lang/Object;ZZ)Ljava/lang/Object; @ 203
Event: 1.032 Thread 0x0000000017422800 Uncommon trap: reason=class_check action=maybe_recompile pc=0x0000000002a56c50 method=java.util.HashMap.putVal(ILjava/lang/Object;Ljava/lang/Object;ZZ)Ljava/lang/Object; @ 203
Event: 1.046 Thread 0x0000000017422800 Uncommon trap: reason=bimorphic action=maybe_recompile pc=0x00000000028fcaec method=java.util.HashMap.getNode(ILjava/lang/Object;)Ljava/util/HashMap$Node; @ 126
Event: 1.046 Thread 0x0000000017422800 Uncommon trap: reason=bimorphic action=maybe_recompile pc=0x00000000028fcaec method=java.util.HashMap.getNode(ILjava/lang/Object;)Ljava/util/HashMap$Node; @ 126
Event: 1.063 Thread 0x0000000017422800 Uncommon trap: reason=bimorphic action=maybe_recompile pc=0x00000000028fcaec method=java.util.HashMap.getNode(ILjava/lang/Object;)Ljava/util/HashMap$Node; @ 126
Event: 1.063 Thread 0x0000000017422800 Uncommon trap: reason=bimorphic action=maybe_recompile pc=0x000000000292df20 method=java.util.HashMap.getNode(ILjava/lang/Object;)Ljava/util/HashMap$Node; @ 126

Internal exceptions (4 events):
Event: 0.066 Thread 0x000000000228e000 Exception <a 'java/lang/NoSuchMethodError': Method sun.misc.Unsafe.defineClass(Ljava/lang/String;[BII)Ljava/lang/Class; name or signature does not match> (0x00000000eab13108) thrown at [D:\re\puppet\workspace\8-2-build-windows-amd64-cygwin\jdk8u73\6086\hotf§ÐŽê°?
Event: 0.066 Thread 0x000000000228e000 Exception <a 'java/lang/NoSuchMethodError': Method sun.misc.Unsafe.prefetchRead(Ljava/lang/Object;J)V name or signature does not match> (0x00000000eab133f0) thrown at [D:\re\puppet\workspace\8-2-build-windows-amd64-cygwin\jdk8u73\6086\hotspot\src\share\vm\7nFX^í?
Event: 0.918 Thread 0x0000000017421800 Implicit null exception at 0x0000000002a7982f to 0x0000000002a7a1e5
Event: 0.918 Thread 0x0000000017421800 Implicit null exception at 0x0000000002a84cda to 0x0000000002a85425

Events (10 events):
Event: 1.046 Thread 0x0000000017422800 DEOPT PACKING pc=0x00000000028fcaec sp=0x0000000019baf250
Event: 1.046 Thread 0x0000000017422800 DEOPT UNPACKING pc=0x000000000274582a sp=0x0000000019baf168 mode 2
Event: 1.049 loading class com/android/dx/dex/file/ProtoIdItem
Event: 1.049 loading class com/android/dx/dex/file/ProtoIdItem done
Event: 1.063 Thread 0x0000000017422800 Uncommon trap: trap_request=0xffffffc6 fr.pc=0x00000000028fcaec
Event: 1.063 Thread 0x0000000017422800 DEOPT PACKING pc=0x00000000028fcaec sp=0x0000000019baf260
Event: 1.063 Thread 0x0000000017422800 DEOPT UNPACKING pc=0x000000000274582a sp=0x0000000019baf178 mode 2
Event: 1.063 Thread 0x0000000017422800 Uncommon trap: trap_request=0xffffffc6 fr.pc=0x000000000292df20
Event: 1.063 Thread 0x0000000017422800 DEOPT PACKING pc=0x000000000292df20 sp=0x0000000019baf1e0
Event: 1.063 Thread 0x0000000017422800 DEOPT UNPACKING pc=0x000000000274582a sp=0x0000000019baf178 mode 2


Dynamic libraries:
0x00007ff606890000 - 0x00007ff6068c7000 	C:\Program Files\Java\jdk1.8.0_73\bin\java.exe
0x00007ffaa1da0000 - 0x00007ffaa1f61000 	C:\WINDOWS\SYSTEM32\ntdll.dll
0x00007ffaa0ad0000 - 0x00007ffaa0b7d000 	C:\WINDOWS\system32\KERNEL32.DLL
0x00007ffa9e660000 - 0x00007ffa9e848000 	C:\WINDOWS\system32\KERNELBASE.dll
0x00007ffaa1610000 - 0x00007ffaa16b7000 	C:\WINDOWS\system32\ADVAPI32.dll
0x00007ffaa10f0000 - 0x00007ffaa118d000 	C:\WINDOWS\system32\msvcrt.dll
0x00007ffaa0be0000 - 0x00007ffaa0c3b000 	C:\WINDOWS\system32\sechost.dll
0x00007ffaa1870000 - 0x00007ffaa198c000 	C:\WINDOWS\system32\RPCRT4.dll
0x00007ffaa11b0000 - 0x00007ffaa1306000 	C:\WINDOWS\system32\USER32.dll
0x00007ffaa0f60000 - 0x00007ffaa10e6000 	C:\WINDOWS\system32\GDI32.dll
0x00007ffa99290000 - 0x00007ffa99504000 	C:\WINDOWS\WinSxS\amd64_microsoft.windows.common-controls_6595b64144ccf1df_6.0.10586.0_none_8c15ae12515e1c22\COMCTL32.dll
0x00007ffaa1310000 - 0x00007ffaa158d000 	C:\WINDOWS\system32\combase.dll
0x00007ffa9e200000 - 0x00007ffa9e26a000 	C:\WINDOWS\system32\bcryptPrimitives.dll
0x00007ffaa0c40000 - 0x00007ffaa0c7b000 	C:\WINDOWS\system32\IMM32.DLL
0x000000006d130000 - 0x000000006d202000 	C:\Program Files\Java\jdk1.8.0_73\jre\bin\msvcr100.dll
0x000000006d730000 - 0x000000006dfc0000 	C:\Program Files\Java\jdk1.8.0_73\jre\bin\server\jvm.dll
0x00007ffa9efb0000 - 0x00007ffa9efd3000 	C:\WINDOWS\system32\WINMM.dll
0x00007ffa9e1d0000 - 0x00007ffa9e1fc000 	C:\WINDOWS\system32\WINMMBASE.dll
0x00007ffa9eef0000 - 0x00007ffa9ef33000 	C:\WINDOWS\system32\cfgmgr32.dll
0x00007ffaa1590000 - 0x00007ffaa1598000 	C:\WINDOWS\system32\PSAPI.DLL
0x00007ffa97ad0000 - 0x00007ffa97ad9000 	C:\WINDOWS\SYSTEM32\WSOCK32.dll
0x00007ffaa0d30000 - 0x00007ffaa0d9b000 	C:\WINDOWS\system32\WS2_32.dll
0x00007ffa9a220000 - 0x00007ffa9a22a000 	C:\WINDOWS\SYSTEM32\VERSION.dll
0x000000006d640000 - 0x000000006d64f000 	C:\Program Files\Java\jdk1.8.0_73\jre\bin\verify.dll
0x000000006d610000 - 0x000000006d639000 	C:\Program Files\Java\jdk1.8.0_73\jre\bin\java.dll
0x000000006d5f0000 - 0x000000006d606000 	C:\Program Files\Java\jdk1.8.0_73\jre\bin\zip.dll
0x00007ffa9eff0000 - 0x00007ffaa054c000 	C:\WINDOWS\system32\SHELL32.dll
0x00007ffa9e850000 - 0x00007ffa9ee94000 	C:\WINDOWS\system32\windows.storage.dll
0x00007ffaa0da0000 - 0x00007ffaa0df2000 	C:\WINDOWS\system32\shlwapi.dll
0x00007ffa9e1c0000 - 0x00007ffa9e1cf000 	C:\WINDOWS\system32\kernel.appcore.dll
0x00007ffa9e320000 - 0x00007ffa9e3d5000 	C:\WINDOWS\system32\shcore.dll
0x00007ffa9eea0000 - 0x00007ffa9eeeb000 	C:\WINDOWS\system32\powrprof.dll
0x00007ffa9e1a0000 - 0x00007ffa9e1b4000 	C:\WINDOWS\system32\profapi.dll

VM Arguments:
jvm_args: -Djava.awt.headless=true -Xmx1024M -Dfile.encoding=GBK -Duser.country=CN -Duser.language=zh -Duser.variant 
java_command: com.android.dx.command.Main --dex --force-jumbo --num-threads=4 --multi-dex --output C:\Users\Administrator\AndroidStudioProjects\MyAppStore\app\build\intermediates\transforms\dex\debug\folders\1000\10\butterknife-7.0.1_fc861cbde294a7e4a9efd57936d766cb077b60e2 C:\Users\Administrator\.gradle\caches\modules-2\files-2.1\com.jakewharton\butterknife\7.0.1\d5d13ea991eab0252e3710e5df3d6a9d4b21d461\butterknife-7.0.1.jar
java_class_path (initial): F:\Android_Studio_SDK\build-tools\23.0.3\lib\dx.jar
Launcher Type: SUN_STANDARD

Environment Variables:
JAVA_HOME=C:\Program Files\Java\jdk1.8.0_73\
CLASSPATH=.;C:\Program Files\Java\jdk1.8.0_73\\lib\dt.jar;C:\Program Files\Java\jdk1.8.0_73\\lib\tools.jar;
PATH=C:\ProgramData\Oracle\Java\javapath;C:\WINDOWS\system32;C:\WINDOWS;C:\WINDOWS\System32\Wbem;C:\WINDOWS\System32\WindowsPowerShell\v1.0\;C:\Program Files\Java\jdk1.8.0_66\bin;C:\Program Files\Java\jdk1.8.0_66\jre\bin;C:\Python27;C:\Program Files (x86)\Microsoft SQL Server\90\Tools\binn\;C:\Users\Administrator\.dnx\bin;C:\Program Files\Microsoft DNX\Dnvm\;C:\Program Files\TortoiseSVN\bin;C:\Program Files (x86)\NVIDIA Corporation\PhysX\Common;E:\Android_Studio_SDK\platform-tools;E:\Android_Studio_SDK\tools\templates\gradle\wrapper\;C:\ProgramData\Oracle\Java\javapath;C:\WINDOWS\system32;C:\WINDOWS;C:\WINDOWS\System32\Wbem;C:\WINDOWS\System32\WindowsPowerShell\v1.0\;C:\Program Files\Java\jdk1.8.0_66\bin;C:\Program Files\Java\jdk1.8.0_66\jre\bin;C:\Program Files\TortoiseSVN\bin;C:\Python27;C:\Program Files (x86)\Microsoft SQL Server\90\Tools\binn\;C:\Users\Administrator\.dnx\bin;C:\Program Files\Microsoft DNX\Dnvm\;D:\GNUstep\GNUstep\System\Tools;D:\GNUstep\bin
USERNAME=Administrator
OS=Windows_NT
PROCESSOR_IDENTIFIER=Intel64 Family 6 Model 60 Stepping 3, GenuineIntel



---------------  S Y S T E M  ---------------

OS: Windows 10.0 , 64 bit Build 10586 (10.0.10586.0)

CPU:total 8 (4 cores per cpu, 2 threads per core) family 6 model 60 stepping 3, cmov, cx8, fxsr, mmx, sse, sse2, sse3, ssse3, sse4.1, sse4.2, popcnt, avx, avx2, aes, clmul, erms, lzcnt, ht, tsc, tscinvbit, bmi1, bmi2

Memory: 4k page, physical 8208440k(1245064k free), swap 11878456k(5592k free)

vm_info: Java HotSpot(TM) 64-Bit Server VM (25.73-b02) for windows-amd64 JRE (1.8.0_73-b02), built on Jan 29 2016 17:38:49 by "java_re" with MS VC++ 10.0 (VS2010)

time: Tue Jun 14 11:07:44 2016
elapsed time: 1 seconds (0d 0h 0m 1s)

